2024-01-18 22:28:14 ./
127.0.0.1 5434 unsi_test_05 postgres stage_25_tmp_build.csv 
--------------------------------------------------------
[22:28:14] ... Start process, Сборка процессингового пакета
[22:28:14] ... -- Версия cc20c38/2024-01-18
[22:28:14] ... -- drop_objects.sql
[22:28:14] ... -- CreateViewGarTmp.sql
[22:28:15] ... -- f_xxx_ob_seq_crt.sql  
[22:28:15] ... -- f_xxx_replace_char.sql
[22:28:15] ... -- f_xxx_adr_object_get_level.sql
[22:28:15] ... -- p_adr_area_type_set.sql  
[22:28:15] ... -- p_adr_street_type_set.sql
[22:28:15] ... -- p_adr_house_type_set.sql 
[22:28:16] ... -- p_adr_area_type_unload.sql
[22:28:16] ... -- p_adr_street_type_unload.sql
[22:28:16] ... -- p_adr_house_type_unload.sql
[22:28:16] ... -- p_xxx_adr_house_gap_put.sql
[22:28:16] ... -- p_xxx_adr_street_gap_put.sql
[22:28:16] ... -- p_xxx_adr_area_gap_put.sql
[22:28:16] ... -- f_xxx_adr_area_type_show_data.sql  
[22:28:16] ... -- f_xxx_adr_area_type_set.sql        
[22:28:16] ... -- f_xxx_adr_street_type_show_data.sql
[22:28:16] ... -- f_xxx_street_type_set.sql          
[22:28:17] ... -- f_xxx_house_type_show_data.sql     
[22:28:17] ... -- f_xxx_house_type_set.sql           
[22:28:17] ... -- f_xxx_adr_house_show_data.sql      
[22:28:17] ... -- f_xxx_adr_house_set_data.sql       
[22:28:17] ... -- f_adr_house_type_get.sql 
[22:28:17] ... -- f_adr_street_type_get.sql
[22:28:18] ... -- f_adr_area_type_get.sql  
[22:28:18] ... -- f_zzz_adr_area_type_show_tmp_data.sql
[22:28:18] ... -- f_zzz_street_type_show_tmp_data.sql  
[22:28:18] ... -- f_zzz_house_type_show_tmp_data.sql   
[22:28:18] ... -- f_xxx_obj_fias_0.sql
[22:28:18] ... -- f_xxx_obj_fias_1.sql
[22:28:18] ... -- f_xxx_obj_fias_2.sql
[22:28:18] ... -- f_xxx_obj_fias_set_data.sql
[22:28:18] ... -- f_adr_area_get.sql    
[22:28:18] ... -- f_adr_area_get_m.sql  
[22:28:19] ... -- f_adr_area_get_id.sql 
[22:28:19] ... -- f_adr_street_get.sql  
[22:28:19] ... -- f_adr_street_get_m.sql
[22:28:19] ... -- f_adr_street_get_id.sql
[22:28:19] ... -- f_adr_house_get.sql   
[22:28:19] ... -- f_adr_house_get_m.sql 
[22:28:19] ... -- f_adr_house_get_id.sql
[22:28:19] ... -- f_adr_object_get.sql  
[22:28:19] ... -- f_adr_object_get_m.sql
[22:28:19] ... -- p_alt_tbl.sql
[22:28:20] ... -- p_clear_tbl.sql
[22:28:20] ... -- p_gar_fias_crt_idx.sql
[22:28:20] ... -- fp_adr_area_del_twins_local.sql
[22:28:20] ... -- fp_adr_area_check_twins_local.sql
[22:28:21] ... -- fp_adr_street_del_twins_local.sql
[22:28:21] ... -- fp_adr_street_check_twins_local.sql
[22:28:21] ... -- fp_adr_house_del_twins_local_0.sql
[22:28:21] ... -- fp_adr_house_check_twins_local.sql
[22:28:21] ... -- p_adr_house_del_twins.sql УСТАРЕЛО, нужно для: "p_adr_house_ins", "fp_adr_house_upd"
[22:28:21] ... -- f_adr_area_unload_get_data.sql  
[22:28:21] ... -- f_adr_street_unload_get_data.sql
[22:28:21] ... -- f_adr_house_unload_get_data.sql 
[22:28:21] ... -- f_adr_object_unload_get_data.sql
[22:28:21] ... -- p_adr_area_ins.sql     
[22:28:22] ... -- p_adr_area_upd.sql     
[22:28:22] ... -- p_adr_street_ins.sql   
[22:28:22] ... -- p_adr_street_upd.sql   
[22:28:22] ... -- p_adr_house_ins.sql    
[22:28:22] ... -- fp_adr_house_upd.sql   
[22:28:22] ... -- p_adr_area_unload.sql  
[22:28:22] ... -- p_adr_area_upload.sql  
[22:28:22] ... -- p_adr_street_unload.sql
[22:28:22] ... -- p_adr_street_upload.sql
[22:28:22] ... -- p_adr_house_unload.sql 
[22:28:23] ... -- p_adr_house_upload.sql 
[22:28:23] ... -- p_adr_object_ins.sql   
[22:28:23] ... -- p_adr_object_upd.sql   
[22:28:23] ... -- p_adr_object_unload.sql
[22:28:23] ... -- p_adr_object_upload.sql
[22:28:23] ... -- f_adr_area_ins.sql          
[22:28:23] ... -- f_adr_area_upd.sql          
[22:28:23] ... -- f_adr_street_ins.sql        
[22:28:24] ... -- f_adr_street_upd.sql        
[22:28:24] ... -- f_adr_house_ins.sql         
[22:28:24] ... -- f_adr_house_upd.sql         
[22:28:24] ... -- f_show_params_value_data.sql
[22:28:24] ... -- f_set_params_value_data.sql 
[22:28:24] ... -- f_xxx_adr_area_show_data.sql
[22:28:24] ... -- f_xxx_adr_area_set_data.sql 
[22:28:25] ... Stop process
--------------------------------------------------------
