psql:./drop_objects.sql:4: ЗАМЕЧАНИЕ:  функция gar_tmp_pcg_trans.fp_adr_house_del_twin_0(text,pg_catalog.int8,pg_catalog.int8,pg_catalog.int8,pg_catalog.varchar,uuid,pg_catalog.bool,date,text) не существует, пропускается
psql:./drop_objects.sql:5: ЗАМЕЧАНИЕ:  функция gar_tmp_pcg_trans.fp_adr_house_del_twin_1(text,pg_catalog.int8,pg_catalog.int8,pg_catalog.int8,pg_catalog.varchar,uuid,pg_catalog.bool,date,text) не существует, пропускается
psql:./drop_objects.sql:6: ЗАМЕЧАНИЕ:  функция gar_tmp_pcg_trans.fp_adr_house_del_twin_2(text,pg_catalog.int8,pg_catalog.int8,pg_catalog.int8,pg_catalog.varchar,uuid,pg_catalog.bool,date,text) не существует, пропускается
psql:./drop_objects.sql:8: ЗАМЕЧАНИЕ:  процедура gar_tmp_pcg_trans.p_adr_house_check_twins(text,text,pg_catalog.int8[],pg_catalog.bool,date,text) не существует, пропускается
psql:./drop_objects.sql:9: ЗАМЕЧАНИЕ:  процедура gar_tmp_pcg_trans.p_adr_house_check_twins_1(text,text,pg_catalog.bool,date,text) не существует, пропускается
psql:./drop_objects.sql:15: ЗАМЕЧАНИЕ:  процедура gar_tmp_pcg_trans.p_adr_street_check_twins(text,text,pg_catalog.int8[],pg_catalog.bool,date,text) не существует, пропускается
psql:./drop_objects.sql:18: ЗАМЕЧАНИЕ:  процедура gar_tmp_pcg_trans.p_adr_street_del_twin(text,pg_catalog.int8,pg_catalog.int8,pg_catalog.varchar,pg_catalog.int4,uuid,pg_catalog.bool,date,text) не существует, пропускается
psql:./FUNCTION/f_xxx_ob_seq_crt.sql:1: ЗАМЕЧАНИЕ:  функция gar_tmp_pcg_trans.f_xxx_obj_seq_crt(text,pg_catalog.int8) не существует, пропускается
psql:./FUNCTION/f_xxx_ob_seq_crt.sql:2: ЗАМЕЧАНИЕ:  функция gar_tmp_pcg_trans.f_xxx_obj_seq_crt(text,text,pg_catalog.int8,pg_catalog.int8) не существует, пропускается
psql:./FUNCTION/f_xxx_ob_seq_crt.sql:3: ЗАМЕЧАНИЕ:  функция gar_tmp_pcg_trans.f_xxx_obj_seq_crt(text,pg_catalog.int8,pg_catalog.int8,text) не существует, пропускается
psql:./FUNCTION/f_xxx_adr_area_type_show_data.sql:1: ЗАМЕЧАНИЕ:  функция gar_tmp_pcg_trans.f_xxx_adr_area_type_show_data(text,date) не существует, пропускается
psql:./FUNCTION/f_xxx_adr_area_type_show_data.sql:138: ЗАМЕЧАНИЕ:  error:42P01:124:RETURN QUERY:отношение "__adr_area_type" не существует
psql:./FUNCTION/f_xxx_adr_area_type_show_data.sql:138: ЗАМЕЧАНИЕ:  Query: SELECT * FROM __adr_area_type ORDER BY id_area_type
psql:./FUNCTION/f_xxx_adr_area_type_show_data.sql:138: ЗАМЕЧАНИЕ:  --                   ^
psql:./FUNCTION/f_xxx_adr_area_type_set.sql:1: ЗАМЕЧАНИЕ:  функция gar_tmp_pcg_trans.f_xxx_adr_area_type_set(text,text[],pg_catalog.int4[],date) не существует, пропускается
psql:./FUNCTION/f_xxx_adr_area_type_set.sql:147: ЗАМЕЧАНИЕ:  FUNCTION | 101192 | gar_tmp_pcg_trans | f_xxx_adr_area_type_show_data | (text,date,text[])
psql:./FUNCTION/f_xxx_adr_area_type_set.sql:147: ЗАМЕЧАНИЕ:  RELATION | 75012 | gar_tmp | xxx_adr_area_type
psql:./FUNCTION/f_xxx_adr_street_type_show_data.sql:1: ЗАМЕЧАНИЕ:  функция gar_tmp_pcg_trans.f_xxx_street_type_show_data(text,date) не существует, пропускается
psql:./FUNCTION/f_xxx_adr_street_type_show_data.sql:131: ЗАМЕЧАНИЕ:  error:42P01:117:RETURN QUERY:отношение "__adr_street_type" не существует
psql:./FUNCTION/f_xxx_adr_street_type_show_data.sql:131: ЗАМЕЧАНИЕ:  Query: SELECT * FROM __adr_street_type ORDER BY id_street_type
psql:./FUNCTION/f_xxx_adr_street_type_show_data.sql:131: ЗАМЕЧАНИЕ:  --                   ^
psql:./FUNCTION/f_xxx_street_type_set.sql:1: ЗАМЕЧАНИЕ:  функция gar_tmp_pcg_trans.f_xxx_street_type_set(text,text[],pg_catalog.int4[],date) не существует, пропускается
psql:./FUNCTION/f_xxx_street_type_set.sql:140: ЗАМЕЧАНИЕ:  error:42P01:117:RETURN QUERY:отношение "__adr_street_type" не существует
psql:./FUNCTION/f_xxx_street_type_set.sql:140: ЗАМЕЧАНИЕ:  Query: SELECT * FROM __adr_street_type ORDER BY id_street_type
psql:./FUNCTION/f_xxx_street_type_set.sql:140: ЗАМЕЧАНИЕ:  --                   ^
psql:./FUNCTION/f_xxx_house_type_show_data.sql:1: ЗАМЕЧАНИЕ:  функция gar_tmp_pcg_trans.f_xxx_house_type_show_data(text,date) не существует, пропускается
psql:./FUNCTION/f_xxx_house_type_show_data.sql:138: ЗАМЕЧАНИЕ:  error:42P01:125:RETURN QUERY:отношение "__adr_house_type" не существует
psql:./FUNCTION/f_xxx_house_type_show_data.sql:138: ЗАМЕЧАНИЕ:  Query: SELECT * FROM __adr_house_type ORDER BY id_house_type
psql:./FUNCTION/f_xxx_house_type_show_data.sql:138: ЗАМЕЧАНИЕ:  --                   ^
psql:./FUNCTION/f_xxx_house_type_set.sql:1: ЗАМЕЧАНИЕ:  функция gar_tmp_pcg_trans.f_xxx_house_type_set(text,text[],pg_catalog.int4[],date) не существует, пропускается
psql:./FUNCTION/f_xxx_house_type_set.sql:146: ЗАМЕЧАНИЕ:  FUNCTION | 101199 | gar_tmp_pcg_trans | f_xxx_house_type_show_data | (text,date,text[])
psql:./FUNCTION/f_xxx_house_type_set.sql:146: ЗАМЕЧАНИЕ:  RELATION | 75033 | gar_tmp | xxx_adr_house_type
psql:./FUNCTION/f_xxx_adr_house_show_data.sql:1: ЗАМЕЧАНИЕ:  функция gar_tmp.f_xxx_adr_house_show_data(date,pg_catalog.int8) не существует, пропускается
psql:./FUNCTION/f_xxx_adr_house_set_data.sql:1: ЗАМЕЧАНИЕ:  функция gar_tmp.f_xxx_adr_house_load_data(date,pg_catalog.int8) не существует, пропускается
psql:./FUNCTION/f_xxx_adr_house_set_data.sql:2: ЗАМЕЧАНИЕ:  функция gar_tmp.f_xxx_adr_house_set_data(date,pg_catalog.int8) не существует, пропускается
psql:./FUNCTION/f_xxx_adr_house_set_data.sql:125: ЗАМЕЧАНИЕ:  FUNCTION | 101203 | gar_tmp_pcg_trans | f_xxx_adr_house_show_data | (date,bigint)
psql:./FUNCTION/f_xxx_adr_house_set_data.sql:125: ЗАМЕЧАНИЕ:  RELATION | 75023 | gar_tmp | xxx_adr_house
psql:./FUNCTION/f_xxx_obj_fias_0.sql:71: ЗАМЕЧАНИЕ:  error:42P01:61:RETURN QUERY:отношение "__adr_area_fias" не существует
psql:./FUNCTION/f_xxx_obj_fias_0.sql:71: ЗАМЕЧАНИЕ:  Query: SELECT * FROM __adr_area_fias
psql:./FUNCTION/f_xxx_obj_fias_0.sql:71: ЗАМЕЧАНИЕ:  --                   ^
psql:./FUNCTION/f_xxx_obj_fias_1.sql:71: ЗАМЕЧАНИЕ:  error:42P01:61:RETURN QUERY:отношение "__adr_area_fias" не существует
psql:./FUNCTION/f_xxx_obj_fias_1.sql:71: ЗАМЕЧАНИЕ:  Query: SELECT * FROM __adr_area_fias
psql:./FUNCTION/f_xxx_obj_fias_1.sql:71: ЗАМЕЧАНИЕ:  --                   ^
psql:./FUNCTION/f_xxx_obj_fias_2.sql:76: ЗАМЕЧАНИЕ:  error:42P01:66:RETURN QUERY:отношение "__adr_area_fias" не существует
psql:./FUNCTION/f_xxx_obj_fias_2.sql:76: ЗАМЕЧАНИЕ:  Query: SELECT * FROM __adr_area_fias
psql:./FUNCTION/f_xxx_obj_fias_2.sql:76: ЗАМЕЧАНИЕ:  --                   ^
psql:./FUNCTION/f_xxx_obj_fias_set_data.sql:101: ЗАМЕЧАНИЕ:  FUNCTION | 101206 | gar_tmp_pcg_trans | f_xxx_obj_fias_show_data_0 | (text)
psql:./FUNCTION/f_xxx_obj_fias_set_data.sql:101: ЗАМЕЧАНИЕ:  FUNCTION | 101207 | gar_tmp_pcg_trans | f_xxx_obj_fias_show_data_1 | (text)
psql:./FUNCTION/f_xxx_obj_fias_set_data.sql:101: ЗАМЕЧАНИЕ:  FUNCTION | 101208 | gar_tmp_pcg_trans | f_xxx_obj_fias_show_data_2 | (text)
psql:./FUNCTION/f_xxx_obj_fias_set_data.sql:101: ЗАМЕЧАНИЕ:  RELATION | 75044 | gar_tmp | xxx_obj_fias
psql:./FUNCTION/f_adr_area_get.sql:50: ЗАМЕЧАНИЕ:  warning:00000:37:EXECUTE:cannot determinate a result of dynamic SQL
psql:./FUNCTION/f_adr_area_get.sql:50: ЗАМЕЧАНИЕ:  Detail: There is a risk of related false alarms.
psql:./FUNCTION/f_adr_area_get.sql:50: ЗАМЕЧАНИЕ:  Hint: Don't use dynamic SQL and record type together, when you would check function.
psql:./FUNCTION/f_adr_area_get_m.sql:58: ЗАМЕЧАНИЕ:  warning:00000:40:EXECUTE:cannot determinate a result of dynamic SQL
psql:./FUNCTION/f_adr_area_get_m.sql:58: ЗАМЕЧАНИЕ:  Detail: There is a risk of related false alarms.
psql:./FUNCTION/f_adr_area_get_m.sql:58: ЗАМЕЧАНИЕ:  Hint: Don't use dynamic SQL and record type together, when you would check function.
psql:./FUNCTION/f_adr_area_get_id.sql:49: ЗАМЕЧАНИЕ:  warning:00000:36:EXECUTE:cannot determinate a result of dynamic SQL
psql:./FUNCTION/f_adr_area_get_id.sql:49: ЗАМЕЧАНИЕ:  Detail: There is a risk of related false alarms.
psql:./FUNCTION/f_adr_area_get_id.sql:49: ЗАМЕЧАНИЕ:  Hint: Don't use dynamic SQL and record type together, when you would check function.
psql:./FUNCTION/f_adr_street_get.sql:41: ЗАМЕЧАНИЕ:  warning:00000:28:EXECUTE:cannot determinate a result of dynamic SQL
psql:./FUNCTION/f_adr_street_get.sql:41: ЗАМЕЧАНИЕ:  Detail: There is a risk of related false alarms.
psql:./FUNCTION/f_adr_street_get.sql:41: ЗАМЕЧАНИЕ:  Hint: Don't use dynamic SQL and record type together, when you would check function.
psql:./FUNCTION/f_adr_street_get_m.sql:49: ЗАМЕЧАНИЕ:  warning:00000:31:EXECUTE:cannot determinate a result of dynamic SQL
psql:./FUNCTION/f_adr_street_get_m.sql:49: ЗАМЕЧАНИЕ:  Detail: There is a risk of related false alarms.
psql:./FUNCTION/f_adr_street_get_m.sql:49: ЗАМЕЧАНИЕ:  Hint: Don't use dynamic SQL and record type together, when you would check function.
psql:./FUNCTION/f_adr_street_get_id.sql:40: ЗАМЕЧАНИЕ:  warning:00000:27:EXECUTE:cannot determinate a result of dynamic SQL
psql:./FUNCTION/f_adr_street_get_id.sql:40: ЗАМЕЧАНИЕ:  Detail: There is a risk of related false alarms.
psql:./FUNCTION/f_adr_street_get_id.sql:40: ЗАМЕЧАНИЕ:  Hint: Don't use dynamic SQL and record type together, when you would check function.
psql:./FUNCTION/f_adr_house_get.sql:52: ЗАМЕЧАНИЕ:  warning:00000:39:EXECUTE:cannot determinate a result of dynamic SQL
psql:./FUNCTION/f_adr_house_get.sql:52: ЗАМЕЧАНИЕ:  Detail: There is a risk of related false alarms.
psql:./FUNCTION/f_adr_house_get.sql:52: ЗАМЕЧАНИЕ:  Hint: Don't use dynamic SQL and record type together, when you would check function.
psql:./FUNCTION/f_adr_house_get_m.sql:1: ЗАМЕЧАНИЕ:  функция gar_tmp_pcg_trans.f_adr_house_get(text,pg_catalog.int8,pg_catalog.varchar,pg_catalog.int8) не существует, пропускается
psql:./FUNCTION/f_adr_house_get_m.sql:63: ЗАМЕЧАНИЕ:  warning:00000:43:EXECUTE:cannot determinate a result of dynamic SQL
psql:./FUNCTION/f_adr_house_get_m.sql:63: ЗАМЕЧАНИЕ:  Detail: There is a risk of related false alarms.
psql:./FUNCTION/f_adr_house_get_m.sql:63: ЗАМЕЧАНИЕ:  Hint: Don't use dynamic SQL and record type together, when you would check function.
psql:./FUNCTION/f_adr_house_get_id.sql:52: ЗАМЕЧАНИЕ:  warning:00000:39:EXECUTE:cannot determinate a result of dynamic SQL
psql:./FUNCTION/f_adr_house_get_id.sql:52: ЗАМЕЧАНИЕ:  Detail: There is a risk of related false alarms.
psql:./FUNCTION/f_adr_house_get_id.sql:52: ЗАМЕЧАНИЕ:  Hint: Don't use dynamic SQL and record type together, when you would check function.
psql:./FUNCTION/f_adr_object_get.sql:52: ЗАМЕЧАНИЕ:  warning:00000:39:EXECUTE:cannot determinate a result of dynamic SQL
psql:./FUNCTION/f_adr_object_get.sql:52: ЗАМЕЧАНИЕ:  Detail: There is a risk of related false alarms.
psql:./FUNCTION/f_adr_object_get.sql:52: ЗАМЕЧАНИЕ:  Hint: Don't use dynamic SQL and record type together, when you would check function.
psql:./FUNCTION/f_adr_object_get_m.sql:63: ЗАМЕЧАНИЕ:  warning:00000:44:EXECUTE:cannot determinate a result of dynamic SQL
psql:./FUNCTION/f_adr_object_get_m.sql:63: ЗАМЕЧАНИЕ:  Detail: There is a risk of related false alarms.
psql:./FUNCTION/f_adr_object_get_m.sql:63: ЗАМЕЧАНИЕ:  Hint: Don't use dynamic SQL and record type together, when you would check function.
psql:./PROCEDURE/p_clear_tbl.sql:1: ЗАМЕЧАНИЕ:  процедура gar_tmp_pcg_trans.p_clear_tbl(pg_catalog.bool) не существует, пропускается
psql:./PROCEDURE/p_clear_tbl.sql:68: ЗАМЕЧАНИЕ:  RELATION | 75273 | gar_tmp | adr_area
psql:./PROCEDURE/p_clear_tbl.sql:68: ЗАМЕЧАНИЕ:  RELATION | 75279 | gar_tmp | adr_area_aux
psql:./PROCEDURE/p_clear_tbl.sql:68: ЗАМЕЧАНИЕ:  RELATION | 75283 | gar_tmp | adr_area_hist
psql:./PROCEDURE/p_clear_tbl.sql:68: ЗАМЕЧАНИЕ:  RELATION | 75292 | gar_tmp | adr_house
psql:./PROCEDURE/p_clear_tbl.sql:68: ЗАМЕЧАНИЕ:  RELATION | 75298 | gar_tmp | adr_house_aux
psql:./PROCEDURE/p_clear_tbl.sql:68: ЗАМЕЧАНИЕ:  RELATION | 75302 | gar_tmp | adr_house_hist
psql:./PROCEDURE/p_clear_tbl.sql:68: ЗАМЕЧАНИЕ:  RELATION | 75311 | gar_tmp | adr_objects
psql:./PROCEDURE/p_clear_tbl.sql:68: ЗАМЕЧАНИЕ:  RELATION | 75317 | gar_tmp | adr_objects_hist
psql:./PROCEDURE/p_clear_tbl.sql:68: ЗАМЕЧАНИЕ:  RELATION | 75326 | gar_tmp | adr_street
psql:./PROCEDURE/p_clear_tbl.sql:68: ЗАМЕЧАНИЕ:  RELATION | 75332 | gar_tmp | adr_street_aux
psql:./PROCEDURE/p_clear_tbl.sql:68: ЗАМЕЧАНИЕ:  RELATION | 75336 | gar_tmp | adr_street_hist
psql:./PROCEDURE/p_clear_tbl.sql:68: ЗАМЕЧАНИЕ:  RELATION | 75002 | gar_tmp | xxx_adr_area
psql:./PROCEDURE/p_clear_tbl.sql:68: ЗАМЕЧАНИЕ:  RELATION | 75012 | gar_tmp | xxx_adr_area_type
psql:./PROCEDURE/p_clear_tbl.sql:68: ЗАМЕЧАНИЕ:  RELATION | 75023 | gar_tmp | xxx_adr_house
psql:./PROCEDURE/p_clear_tbl.sql:68: ЗАМЕЧАНИЕ:  RELATION | 75033 | gar_tmp | xxx_adr_house_type
psql:./PROCEDURE/p_clear_tbl.sql:68: ЗАМЕЧАНИЕ:  RELATION | 75057 | gar_tmp | xxx_adr_street_type
psql:./PROCEDURE/p_clear_tbl.sql:68: ЗАМЕЧАНИЕ:  RELATION | 75044 | gar_tmp | xxx_obj_fias
psql:./PROCEDURE/p_clear_tbl.sql:68: ЗАМЕЧАНИЕ:  RELATION | 75349 | gar_tmp | xxx_type_param_value
psql:./FUNCTION/fp_adr_street_del_twins_local.sql:263: ЗАМЕЧАНИЕ:  warning:00000:118:EXECUTE:cannot determinate a result of dynamic SQL
psql:./FUNCTION/fp_adr_street_del_twins_local.sql:263: ЗАМЕЧАНИЕ:  Detail: There is a risk of related false alarms.
psql:./FUNCTION/fp_adr_street_del_twins_local.sql:263: ЗАМЕЧАНИЕ:  Hint: Don't use dynamic SQL and record type together, when you would check function.
psql:./FUNCTION/fp_adr_street_del_twins_local.sql:263: ЗАМЕЧАНИЕ:  warning extra:00000:unused parameter "p_nm_fias_guid"
psql:./FUNCTION/fp_adr_street_del_twins_local.sql:263: ЗАМЕЧАНИЕ:  FUNCTION | 101215 | gar_tmp_pcg_trans | f_adr_street_get | (text,bigint)
psql:./FUNCTION/fp_adr_street_del_twins_local.sql:263: ЗАМЕЧАНИЕ:  RELATION | 75332 | gar_tmp | adr_street_aux
psql:./FUNCTION/fp_adr_street_check_twins_local.sql:112: ЗАМЕЧАНИЕ:  FUNCTION | 101224 | gar_tmp_pcg_trans | fp_adr_street_del_twin | (text,bigint,bigint,character varying,integer,uuid,date,text)
psql:./FUNCTION/fp_adr_street_check_twins_local.sql:112: ЗАМЕЧАНИЕ:  RELATION | 75326 | gar_tmp | adr_street
psql:./FUNCTION/fp_adr_house_del_twins_local_0.sql:314: ЗАМЕЧАНИЕ:  warning:00000:159:EXECUTE:cannot determinate a result of dynamic SQL
psql:./FUNCTION/fp_adr_house_del_twins_local_0.sql:314: ЗАМЕЧАНИЕ:  Detail: There is a risk of related false alarms.
psql:./FUNCTION/fp_adr_house_del_twins_local_0.sql:314: ЗАМЕЧАНИЕ:  Hint: Don't use dynamic SQL and record type together, when you would check function.
psql:./FUNCTION/fp_adr_house_del_twins_local_0.sql:314: ЗАМЕЧАНИЕ:  warning extra:00000:unused parameter "p_nm_fias_guid"
psql:./FUNCTION/fp_adr_house_del_twins_local_0.sql:314: ЗАМЕЧАНИЕ:  FUNCTION | 101218 | gar_tmp_pcg_trans | f_adr_house_get | (text,bigint)
psql:./FUNCTION/fp_adr_house_del_twins_local_0.sql:314: ЗАМЕЧАНИЕ:  RELATION | 75298 | gar_tmp | adr_house_aux
psql:./FUNCTION/fp_adr_house_del_twins_local_1.sql:434: ЗАМЕЧАНИЕ:  warning:00000:130:EXECUTE:cannot determinate a result of dynamic SQL
psql:./FUNCTION/fp_adr_house_del_twins_local_1.sql:434: ЗАМЕЧАНИЕ:  Detail: There is a risk of related false alarms.
psql:./FUNCTION/fp_adr_house_del_twins_local_1.sql:434: ЗАМЕЧАНИЕ:  Hint: Don't use dynamic SQL and record type together, when you would check function.
psql:./FUNCTION/fp_adr_house_del_twins_local_1.sql:434: ЗАМЕЧАНИЕ:  warning extra:00000:unused parameter "p_id_area"
psql:./FUNCTION/fp_adr_house_del_twins_local_1.sql:434: ЗАМЕЧАНИЕ:  warning extra:00000:unused parameter "p_id_street"
psql:./FUNCTION/fp_adr_house_del_twins_local_1.sql:434: ЗАМЕЧАНИЕ:  warning extra:00000:unused parameter "p_nm_house_full"
psql:./FUNCTION/fp_adr_house_del_twins_local_1.sql:434: ЗАМЕЧАНИЕ:  FUNCTION | 101212 | gar_tmp_pcg_trans | f_adr_area_get | (text,bigint)
psql:./FUNCTION/fp_adr_house_del_twins_local_1.sql:434: ЗАМЕЧАНИЕ:  FUNCTION | 101218 | gar_tmp_pcg_trans | f_adr_house_get | (text,bigint)
psql:./FUNCTION/fp_adr_house_del_twins_local_1.sql:434: ЗАМЕЧАНИЕ:  RELATION | 75298 | gar_tmp | adr_house_aux
psql:./FUNCTION/fp_adr_house_check_twins_local.sql:3: ЗАМЕЧАНИЕ:  функция gar_tmp_pcg_trans.p_adr_house_check_twins_local(text,date,text) не существует, пропускается
psql:./FUNCTION/fp_adr_house_check_twins_local.sql:183: ЗАМЕЧАНИЕ:  FUNCTION | 101227 | gar_tmp_pcg_trans | fp_adr_house_del_twin_local_0 | (text,bigint,bigint,bigint,character varying,uuid,date,text)
psql:./FUNCTION/fp_adr_house_check_twins_local.sql:183: ЗАМЕЧАНИЕ:  FUNCTION | 101229 | gar_tmp_pcg_trans | fp_adr_house_del_twin_local_1 | (text,bigint,bigint,bigint,character varying,uuid,date,text)
psql:./FUNCTION/fp_adr_house_check_twins_local.sql:183: ЗАМЕЧАНИЕ:  RELATION | 75292 | gar_tmp | adr_house
psql:./PROCEDURE/p_adr_house_del_twins.sql:3: ЗАМЕЧАНИЕ:  процедура gar_tmp_pcg_trans.p_adr_house_del_twin(text,pg_catalog.int8,pg_catalog.int8,pg_catalog.int8,pg_catalog.varchar,uuid,pg_catalog.bool) не существует, пропускается
psql:./PROCEDURE/p_adr_house_del_twins.sql:378: ЗАМЕЧАНИЕ:  warning:00000:219:EXECUTE:cannot determinate a result of dynamic SQL
psql:./PROCEDURE/p_adr_house_del_twins.sql:378: ЗАМЕЧАНИЕ:  Detail: There is a risk of related false alarms.
psql:./PROCEDURE/p_adr_house_del_twins.sql:378: ЗАМЕЧАНИЕ:  Hint: Don't use dynamic SQL and record type together, when you would check function.
psql:./PROCEDURE/p_adr_house_del_twins.sql:378: ЗАМЕЧАНИЕ:  warning:00000:257:EXECUTE:cannot determinate a result of dynamic SQL
psql:./PROCEDURE/p_adr_house_del_twins.sql:378: ЗАМЕЧАНИЕ:  Detail: There is a risk of related false alarms.
psql:./PROCEDURE/p_adr_house_del_twins.sql:378: ЗАМЕЧАНИЕ:  Hint: Don't use dynamic SQL and record type together, when you would check function.
psql:./PROCEDURE/p_adr_house_del_twins.sql:378: ЗАМЕЧАНИЕ:  warning:00000:296:EXECUTE:cannot determinate a result of dynamic SQL
psql:./PROCEDURE/p_adr_house_del_twins.sql:378: ЗАМЕЧАНИЕ:  Detail: There is a risk of related false alarms.
psql:./PROCEDURE/p_adr_house_del_twins.sql:378: ЗАМЕЧАНИЕ:  Hint: Don't use dynamic SQL and record type together, when you would check function.
psql:./FUNCTION/f_adr_area_unload_get_data.sql:167: ЗАМЕЧАНИЕ:  FUNCTION | 74723 | gar_link | dblink | (text,text)
psql:./FUNCTION/f_adr_street_unload_get_data.sql:107: ЗАМЕЧАНИЕ:  FUNCTION | 74723 | gar_link | dblink | (text,text)
psql:./FUNCTION/f_adr_house_unload_get_data.sql:133: ЗАМЕЧАНИЕ:  FUNCTION | 74723 | gar_link | dblink | (text,text)
psql:./FUNCTION/f_adr_object_unload_get_data.sql:136: ЗАМЕЧАНИЕ:  FUNCTION | 74723 | gar_link | dblink | (text,text)
psql:./PROCEDURE/p_adr_area_ins.sql:276: ЗАМЕЧАНИЕ:  warning extra:00000:unused parameter "p_id_data_etalon"
psql:./PROCEDURE/p_adr_area_ins.sql:276: ЗАМЕЧАНИЕ:  warning extra:00000:unused parameter "p_sw"
psql:./PROCEDURE/p_adr_area_ins.sql:276: ЗАМЕЧАНИЕ:  FUNCTION | 101211 | gar_tmp_pcg_trans | f_adr_area_get | (text,integer,bigint,integer,character varying)
psql:./PROCEDURE/p_adr_area_ins.sql:276: ЗАМЕЧАНИЕ:  RELATION | 75279 | gar_tmp | adr_area_aux
psql:./PROCEDURE/p_adr_area_upd.sql:361: ЗАМЕЧАНИЕ:  warning extra:00000:unused parameter "p_id_area"
psql:./PROCEDURE/p_adr_area_upd.sql:361: ЗАМЕЧАНИЕ:  warning extra:00000:unused parameter "p_id_data_etalon"
psql:./PROCEDURE/p_adr_area_upd.sql:361: ЗАМЕЧАНИЕ:  warning extra:00000:unused parameter "p_oper_type_id"
psql:./PROCEDURE/p_adr_area_upd.sql:361: ЗАМЕЧАНИЕ:  FUNCTION | 101210 | gar_tmp_pcg_trans | f_adr_area_get | (text,uuid)
psql:./PROCEDURE/p_adr_area_upd.sql:361: ЗАМЕЧАНИЕ:  FUNCTION | 101211 | gar_tmp_pcg_trans | f_adr_area_get | (text,integer,bigint,integer,character varying)
psql:./PROCEDURE/p_adr_area_upd.sql:361: ЗАМЕЧАНИЕ:  RELATION | 75279 | gar_tmp | adr_area_aux
psql:./PROCEDURE/p_adr_street_ins.sql:209: ЗАМЕЧАНИЕ:  warning extra:00000:unused parameter "p_id_data_etalon"
psql:./PROCEDURE/p_adr_street_ins.sql:209: ЗАМЕЧАНИЕ:  warning extra:00000:unused parameter "p_sw"
psql:./PROCEDURE/p_adr_street_ins.sql:209: ЗАМЕЧАНИЕ:  FUNCTION | 101214 | gar_tmp_pcg_trans | f_adr_street_get | (text,bigint,character varying,integer)
psql:./PROCEDURE/p_adr_street_ins.sql:209: ЗАМЕЧАНИЕ:  RELATION | 75332 | gar_tmp | adr_street_aux
psql:./PROCEDURE/p_adr_street_upd.sql:360: ЗАМЕЧАНИЕ:  warning:00000:110:EXECUTE:cannot determinate a result of dynamic SQL
psql:./PROCEDURE/p_adr_street_upd.sql:360: ЗАМЕЧАНИЕ:  Detail: There is a risk of related false alarms.
psql:./PROCEDURE/p_adr_street_upd.sql:360: ЗАМЕЧАНИЕ:  Hint: Don't use dynamic SQL and record type together, when you would check function.
psql:./PROCEDURE/p_adr_street_upd.sql:360: ЗАМЕЧАНИЕ:  warning extra:00000:86:DECLARE:never read variable "_del_twins"
psql:./PROCEDURE/p_adr_street_upd.sql:360: ЗАМЕЧАНИЕ:  warning extra:00000:unused parameter "p_id_street"
psql:./PROCEDURE/p_adr_street_upd.sql:360: ЗАМЕЧАНИЕ:  warning extra:00000:unused parameter "p_id_data_etalon"
psql:./PROCEDURE/p_adr_street_upd.sql:360: ЗАМЕЧАНИЕ:  warning extra:00000:unused parameter "p_oper_type_id"
psql:./PROCEDURE/p_adr_street_upd.sql:360: ЗАМЕЧАНИЕ:  FUNCTION | 101213 | gar_tmp_pcg_trans | f_adr_street_get | (text,uuid)
psql:./PROCEDURE/p_adr_street_upd.sql:360: ЗАМЕЧАНИЕ:  FUNCTION | 101214 | gar_tmp_pcg_trans | f_adr_street_get | (text,bigint,character varying,integer)
psql:./PROCEDURE/p_adr_street_upd.sql:360: ЗАМЕЧАНИЕ:  RELATION | 75332 | gar_tmp | adr_street_aux
psql:./PROCEDURE/p_adr_house_ins.sql:311: ЗАМЕЧАНИЕ:  warning extra:00000:unused parameter "p_id_data_etalon"
psql:./PROCEDURE/p_adr_house_ins.sql:311: ЗАМЕЧАНИЕ:  FUNCTION | 101217 | gar_tmp_pcg_trans | f_adr_house_get | (text,bigint,character varying,bigint,integer)
psql:./PROCEDURE/p_adr_house_ins.sql:311: ЗАМЕЧАНИЕ:  RELATION | 75298 | gar_tmp | adr_house_aux
psql:./FUNCTION/fp_adr_house_upd.sql:411: ЗАМЕЧАНИЕ:  warning extra:00000:33:DECLARE:never read variable "_id_house_hist"
psql:./FUNCTION/fp_adr_house_upd.sql:411: ЗАМЕЧАНИЕ:  warning extra:00000:unused parameter "p_id_house"
psql:./FUNCTION/fp_adr_house_upd.sql:411: ЗАМЕЧАНИЕ:  warning extra:00000:unused parameter "p_id_data_etalon"
psql:./FUNCTION/fp_adr_house_upd.sql:411: ЗАМЕЧАНИЕ:  FUNCTION | 101216 | gar_tmp_pcg_trans | f_adr_house_get | (text,uuid)
psql:./FUNCTION/fp_adr_house_upd.sql:411: ЗАМЕЧАНИЕ:  FUNCTION | 101217 | gar_tmp_pcg_trans | f_adr_house_get | (text,bigint,character varying,bigint,integer)
psql:./FUNCTION/fp_adr_house_upd.sql:411: ЗАМЕЧАНИЕ:  RELATION | 75298 | gar_tmp | adr_house_aux
psql:./PROCEDURE/p_adr_area_unload.sql:64: ЗАМЕЧАНИЕ:  FUNCTION | 101235 | gar_tmp_pcg_trans | f_adr_area_unload_data | (text,bigint,text)
psql:./PROCEDURE/p_adr_area_unload.sql:64: ЗАМЕЧАНИЕ:  RELATION | 75273 | gar_tmp | adr_area
psql:./PROCEDURE/p_adr_street_unload.sql:56: ЗАМЕЧАНИЕ:  FUNCTION | 101237 | gar_tmp_pcg_trans | f_adr_street_unload_data | (text,bigint,text)
psql:./PROCEDURE/p_adr_street_unload.sql:56: ЗАМЕЧАНИЕ:  RELATION | 75326 | gar_tmp | adr_street
psql:./PROCEDURE/p_adr_house_unload.sql:1: ЗАМЕЧАНИЕ:  процедура gar_tmp_pcg_trans.p_adr_house_unload(text) не существует, пропускается
psql:./PROCEDURE/p_adr_house_unload.sql:2: ЗАМЕЧАНИЕ:  процедура gar_tmp_pcg_trans.p_adr_house_unload(text,pg_catalog.int8) не существует, пропускается
psql:./PROCEDURE/p_adr_house_unload.sql:72: ЗАМЕЧАНИЕ:  FUNCTION | 101238 | gar_tmp_pcg_trans | f_adr_house_unload_data | (text,bigint,text)
psql:./PROCEDURE/p_adr_house_unload.sql:72: ЗАМЕЧАНИЕ:  RELATION | 75292 | gar_tmp | adr_house
psql:./PROCEDURE/p_adr_house_upload.sql:1: ЗАМЕЧАНИЕ:  процедура gar_tmp_pcg_trans.p_adr_house_upload(text,date,pg_catalog.bool) не существует, пропускается
psql:./PROCEDURE/p_adr_object_ins.sql:5: ЗАМЕЧАНИЕ:  процедура gar_tmp_pcg_trans.p_adr_object_ins(text,pg_catalog.int8,pg_catalog.int8,pg_catalog.int8,pg_catalog.int4,pg_catalog.int8,pg_catalog.varchar,pg_catalog.varchar,pg_catalog.varchar,pg_catalog.int8,pg_catalog.int4,pg_catalog.int4,pg_catalog.numeric,uuid,pg_catalog.varchar,pg_catalog.varchar,pg_catalog.varchar,pg_catalog.numeric,pg_catalog.numeric) не существует, пропускается
psql:./PROCEDURE/p_adr_object_ins.sql:256: ЗАМЕЧАНИЕ:  warning extra:00000:unused parameter "p_id_data_etalon"
psql:./PROCEDURE/p_adr_object_ins.sql:256: ЗАМЕЧАНИЕ:  warning extra:00000:unused parameter "p_sw"
psql:./PROCEDURE/p_adr_object_ins.sql:256: ЗАМЕЧАНИЕ:  FUNCTION | 101220 | gar_tmp_pcg_trans | f_adr_object_get | (text,bigint,integer,character varying,bigint,bigint)
psql:./PROCEDURE/p_adr_object_upd.sql:5: ЗАМЕЧАНИЕ:  процедура gar_tmp_pcg_trans.p_adr_object_upd(text,pg_catalog.int8,pg_catalog.int8,pg_catalog.int8,pg_catalog.int4,pg_catalog.int8,pg_catalog.varchar,pg_catalog.varchar,pg_catalog.varchar,pg_catalog.int8,pg_catalog.int4,pg_catalog.int4,pg_catalog.numeric,uuid,pg_catalog.varchar,pg_catalog.varchar,pg_catalog.varchar,pg_catalog.numeric,pg_catalog.numeric,pg_catalog.int8) не существует, пропускается
psql:./PROCEDURE/p_adr_object_upd.sql:440: ЗАМЕЧАНИЕ:  warning:00000:169:EXECUTE:cannot determinate a result of dynamic SQL
psql:./PROCEDURE/p_adr_object_upd.sql:440: ЗАМЕЧАНИЕ:  Detail: There is a risk of related false alarms.
psql:./PROCEDURE/p_adr_object_upd.sql:440: ЗАМЕЧАНИЕ:  Hint: Don't use dynamic SQL and record type together, when you would check function.
psql:./PROCEDURE/p_adr_object_upd.sql:440: ЗАМЕЧАНИЕ:  warning:42804:310:присваивание:target type is different type than source type
psql:./PROCEDURE/p_adr_object_upd.sql:440: ЗАМЕЧАНИЕ:  Detail: cast "text" value to "bigint" type
psql:./PROCEDURE/p_adr_object_upd.sql:440: ЗАМЕЧАНИЕ:  Hint: The input expression type does not have an assignment cast to the target type.
psql:./PROCEDURE/p_adr_object_upd.sql:440: ЗАМЕЧАНИЕ:  Context: at assignment to variable "_rr1" declared on line 163
psql:./PROCEDURE/p_adr_object_upd.sql:440: ЗАМЕЧАНИЕ:  warning:42804:310:присваивание:target type is different type than source type
psql:./PROCEDURE/p_adr_object_upd.sql:440: ЗАМЕЧАНИЕ:  Detail: cast "character varying" value to "integer" type
psql:./PROCEDURE/p_adr_object_upd.sql:440: ЗАМЕЧАНИЕ:  Hint: The input expression type does not have an assignment cast to the target type.
psql:./PROCEDURE/p_adr_object_upd.sql:440: ЗАМЕЧАНИЕ:  Context: at assignment to variable "_rr1" declared on line 163
psql:./PROCEDURE/p_adr_object_upd.sql:440: ЗАМЕЧАНИЕ:  warning:00000:310:присваивание:too few attributes for composite variable
psql:./PROCEDURE/p_adr_object_upd.sql:440: ЗАМЕЧАНИЕ:  Context: at assignment to variable "_rr1" declared on line 163
psql:./PROCEDURE/p_adr_object_upd.sql:440: ЗАМЕЧАНИЕ:  warning:42804:343:присваивание:target type is different type than source type
psql:./PROCEDURE/p_adr_object_upd.sql:440: ЗАМЕЧАНИЕ:  Detail: cast "text" value to "bigint" type
psql:./PROCEDURE/p_adr_object_upd.sql:440: ЗАМЕЧАНИЕ:  Hint: The input expression type does not have an assignment cast to the target type.
psql:./PROCEDURE/p_adr_object_upd.sql:440: ЗАМЕЧАНИЕ:  Context: at assignment to variable "_rr" declared on line 162
psql:./PROCEDURE/p_adr_object_upd.sql:440: ЗАМЕЧАНИЕ:  warning:42804:343:присваивание:target type is different type than source type
psql:./PROCEDURE/p_adr_object_upd.sql:440: ЗАМЕЧАНИЕ:  Detail: cast "character varying" value to "integer" type
psql:./PROCEDURE/p_adr_object_upd.sql:440: ЗАМЕЧАНИЕ:  Hint: The input expression type does not have an assignment cast to the target type.
psql:./PROCEDURE/p_adr_object_upd.sql:440: ЗАМЕЧАНИЕ:  Context: at assignment to variable "_rr" declared on line 162
psql:./PROCEDURE/p_adr_object_upd.sql:440: ЗАМЕЧАНИЕ:  warning:00000:343:присваивание:too few attributes for composite variable
psql:./PROCEDURE/p_adr_object_upd.sql:440: ЗАМЕЧАНИЕ:  Context: at assignment to variable "_rr" declared on line 162
psql:./PROCEDURE/p_adr_object_upd.sql:440: ЗАМЕЧАНИЕ:  warning extra:00000:103:DECLARE:never read variable "_upd_u"
psql:./PROCEDURE/p_adr_object_upd.sql:440: ЗАМЕЧАНИЕ:  warning extra:00000:unused parameter "p_id_data_etalon"
psql:./PROCEDURE/p_adr_object_upd.sql:440: ЗАМЕЧАНИЕ:  FUNCTION | 101220 | gar_tmp_pcg_trans | f_adr_object_get | (text,bigint,integer,character varying,bigint,bigint)
psql:./PROCEDURE/p_adr_object_unload.sql:1: ЗАМЕЧАНИЕ:  процедура gar_tmp_pcg_trans.p_adr_object_unload(text) не существует, пропускается
psql:./PROCEDURE/p_adr_object_unload.sql:2: ЗАМЕЧАНИЕ:  процедура gar_tmp_pcg_trans.p_adr_object_unload(text,pg_catalog.int8) не существует, пропускается
psql:./PROCEDURE/p_adr_object_unload.sql:77: ЗАМЕЧАНИЕ:  FUNCTION | 101239 | gar_tmp_pcg_trans | f_adr_object_unload_data | (text,bigint,text)
psql:./PROCEDURE/p_adr_object_unload.sql:77: ЗАМЕЧАНИЕ:  RELATION | 75311 | gar_tmp | adr_objects
psql:./FUNCTION/f_adr_area_ins.sql:143: ЗАМЕЧАНИЕ:  FUNCTION | 101210 | gar_tmp_pcg_trans | f_adr_area_get | (text,uuid)
psql:./FUNCTION/f_adr_area_ins.sql:143: ЗАМЕЧАНИЕ:  OPERATOR | 74759 | public | -> | (hstore,text)
psql:./FUNCTION/f_adr_area_ins.sql:143: ЗАМЕЧАНИЕ:  OPERATOR | 74759 | public | -> | (hstore,text)
psql:./FUNCTION/f_adr_area_ins.sql:143: ЗАМЕЧАНИЕ:  OPERATOR | 74759 | public | -> | (hstore,text)
psql:./FUNCTION/f_adr_area_ins.sql:143: ЗАМЕЧАНИЕ:  OPERATOR | 74759 | public | -> | (hstore,text)
psql:./FUNCTION/f_adr_area_ins.sql:143: ЗАМЕЧАНИЕ:  RELATION | 75279 | gar_tmp | adr_area_aux
psql:./FUNCTION/f_adr_area_ins.sql:143: ЗАМЕЧАНИЕ:  RELATION | 75002 | gar_tmp | xxx_adr_area
psql:./FUNCTION/f_adr_area_ins.sql:143: ЗАМЕЧАНИЕ:  RELATION | 75012 | gar_tmp | xxx_adr_area_type
psql:./FUNCTION/f_adr_area_ins.sql:143: ЗАМЕЧАНИЕ:  RELATION | 75044 | gar_tmp | xxx_obj_fias
psql:./FUNCTION/f_adr_area_ins.sql:143: ЗАМЕЧАНИЕ:  RELATION | 75349 | gar_tmp | xxx_type_param_value
psql:./FUNCTION/f_adr_area_upd.sql:136: ЗАМЕЧАНИЕ:  warning:00000:13:DECLARE:unused variable "_schema_name"
psql:./FUNCTION/f_adr_area_upd.sql:136: ЗАМЕЧАНИЕ:  FUNCTION | 101210 | gar_tmp_pcg_trans | f_adr_area_get | (text,uuid)
psql:./FUNCTION/f_adr_area_upd.sql:136: ЗАМЕЧАНИЕ:  OPERATOR | 74759 | public | -> | (hstore,text)
psql:./FUNCTION/f_adr_area_upd.sql:136: ЗАМЕЧАНИЕ:  OPERATOR | 74759 | public | -> | (hstore,text)
psql:./FUNCTION/f_adr_area_upd.sql:136: ЗАМЕЧАНИЕ:  OPERATOR | 74759 | public | -> | (hstore,text)
psql:./FUNCTION/f_adr_area_upd.sql:136: ЗАМЕЧАНИЕ:  OPERATOR | 74759 | public | -> | (hstore,text)
psql:./FUNCTION/f_adr_area_upd.sql:136: ЗАМЕЧАНИЕ:  RELATION | 75279 | gar_tmp | adr_area_aux
psql:./FUNCTION/f_adr_area_upd.sql:136: ЗАМЕЧАНИЕ:  RELATION | 75002 | gar_tmp | xxx_adr_area
psql:./FUNCTION/f_adr_area_upd.sql:136: ЗАМЕЧАНИЕ:  RELATION | 75012 | gar_tmp | xxx_adr_area_type
psql:./FUNCTION/f_adr_area_upd.sql:136: ЗАМЕЧАНИЕ:  RELATION | 75044 | gar_tmp | xxx_obj_fias
psql:./FUNCTION/f_adr_area_upd.sql:136: ЗАМЕЧАНИЕ:  RELATION | 75349 | gar_tmp | xxx_type_param_value
psql:./FUNCTION/f_adr_street_ins.sql:124: ЗАМЕЧАНИЕ:  FUNCTION | 101210 | gar_tmp_pcg_trans | f_adr_area_get | (text,uuid)
psql:./FUNCTION/f_adr_street_ins.sql:124: ЗАМЕЧАНИЕ:  OPERATOR | 74759 | public | -> | (hstore,text)
psql:./FUNCTION/f_adr_street_ins.sql:124: ЗАМЕЧАНИЕ:  RELATION | 75332 | gar_tmp | adr_street_aux
psql:./FUNCTION/f_adr_street_ins.sql:124: ЗАМЕЧАНИЕ:  RELATION | 75002 | gar_tmp | xxx_adr_area
psql:./FUNCTION/f_adr_street_ins.sql:124: ЗАМЕЧАНИЕ:  RELATION | 75057 | gar_tmp | xxx_adr_street_type
psql:./FUNCTION/f_adr_street_ins.sql:124: ЗАМЕЧАНИЕ:  RELATION | 75044 | gar_tmp | xxx_obj_fias
psql:./FUNCTION/f_adr_street_ins.sql:124: ЗАМЕЧАНИЕ:  RELATION | 75349 | gar_tmp | xxx_type_param_value
psql:./FUNCTION/f_adr_street_upd.sql:120: ЗАМЕЧАНИЕ:  FUNCTION | 101210 | gar_tmp_pcg_trans | f_adr_area_get | (text,uuid)
psql:./FUNCTION/f_adr_street_upd.sql:120: ЗАМЕЧАНИЕ:  OPERATOR | 74759 | public | -> | (hstore,text)
psql:./FUNCTION/f_adr_street_upd.sql:120: ЗАМЕЧАНИЕ:  RELATION | 75332 | gar_tmp | adr_street_aux
psql:./FUNCTION/f_adr_street_upd.sql:120: ЗАМЕЧАНИЕ:  RELATION | 75002 | gar_tmp | xxx_adr_area
psql:./FUNCTION/f_adr_street_upd.sql:120: ЗАМЕЧАНИЕ:  RELATION | 75057 | gar_tmp | xxx_adr_street_type
psql:./FUNCTION/f_adr_street_upd.sql:120: ЗАМЕЧАНИЕ:  RELATION | 75044 | gar_tmp | xxx_obj_fias
psql:./FUNCTION/f_adr_street_upd.sql:120: ЗАМЕЧАНИЕ:  RELATION | 75349 | gar_tmp | xxx_type_param_value
psql:./FUNCTION/f_adr_house_ins.sql:292: ЗАМЕЧАНИЕ:  FUNCTION | 101210 | gar_tmp_pcg_trans | f_adr_area_get | (text,uuid)
psql:./FUNCTION/f_adr_house_ins.sql:292: ЗАМЕЧАНИЕ:  FUNCTION | 101213 | gar_tmp_pcg_trans | f_adr_street_get | (text,uuid)
psql:./FUNCTION/f_adr_house_ins.sql:292: ЗАМЕЧАНИЕ:  OPERATOR | 74759 | public | -> | (hstore,text)
psql:./FUNCTION/f_adr_house_ins.sql:292: ЗАМЕЧАНИЕ:  OPERATOR | 74759 | public | -> | (hstore,text)
psql:./FUNCTION/f_adr_house_ins.sql:292: ЗАМЕЧАНИЕ:  OPERATOR | 74759 | public | -> | (hstore,text)
psql:./FUNCTION/f_adr_house_ins.sql:292: ЗАМЕЧАНИЕ:  RELATION | 75298 | gar_tmp | adr_house_aux
psql:./FUNCTION/f_adr_house_ins.sql:292: ЗАМЕЧАНИЕ:  RELATION | 75023 | gar_tmp | xxx_adr_house
psql:./FUNCTION/f_adr_house_ins.sql:292: ЗАМЕЧАНИЕ:  RELATION | 75033 | gar_tmp | xxx_adr_house_type
psql:./FUNCTION/f_adr_house_ins.sql:292: ЗАМЕЧАНИЕ:  RELATION | 75044 | gar_tmp | xxx_obj_fias
psql:./FUNCTION/f_adr_house_ins.sql:292: ЗАМЕЧАНИЕ:  RELATION | 75349 | gar_tmp | xxx_type_param_value
psql:./FUNCTION/f_adr_house_upd.sql:322: ЗАМЕЧАНИЕ:  FUNCTION | 101210 | gar_tmp_pcg_trans | f_adr_area_get | (text,uuid)
psql:./FUNCTION/f_adr_house_upd.sql:322: ЗАМЕЧАНИЕ:  FUNCTION | 101213 | gar_tmp_pcg_trans | f_adr_street_get | (text,uuid)
psql:./FUNCTION/f_adr_house_upd.sql:322: ЗАМЕЧАНИЕ:  FUNCTION | 101250 | gar_tmp_pcg_trans | fp_adr_house_upd | (text,text,bigint,bigint,bigint,integer,character varying,integer,character varying,integer,character varying,character varying,character varying,character varying,uuid,bigint,character varying,numeric,numeric,boolean,boolean,boolean)
psql:./FUNCTION/f_adr_house_upd.sql:322: ЗАМЕЧАНИЕ:  OPERATOR | 74759 | public | -> | (hstore,text)
psql:./FUNCTION/f_adr_house_upd.sql:322: ЗАМЕЧАНИЕ:  OPERATOR | 74759 | public | -> | (hstore,text)
psql:./FUNCTION/f_adr_house_upd.sql:322: ЗАМЕЧАНИЕ:  OPERATOR | 74759 | public | -> | (hstore,text)
psql:./FUNCTION/f_adr_house_upd.sql:322: ЗАМЕЧАНИЕ:  RELATION | 75298 | gar_tmp | adr_house_aux
psql:./FUNCTION/f_adr_house_upd.sql:322: ЗАМЕЧАНИЕ:  RELATION | 75023 | gar_tmp | xxx_adr_house
psql:./FUNCTION/f_adr_house_upd.sql:322: ЗАМЕЧАНИЕ:  RELATION | 75033 | gar_tmp | xxx_adr_house_type
psql:./FUNCTION/f_adr_house_upd.sql:322: ЗАМЕЧАНИЕ:  RELATION | 75044 | gar_tmp | xxx_obj_fias
psql:./FUNCTION/f_adr_house_upd.sql:322: ЗАМЕЧАНИЕ:  RELATION | 75349 | gar_tmp | xxx_type_param_value
psql:./FUNCTION/f_set_params_value_data.sql:26: ЗАМЕЧАНИЕ:  FUNCTION | 101276 | gar_tmp_pcg_trans | f_show_params_value | (bigint[])
psql:./FUNCTION/f_set_params_value_data.sql:26: ЗАМЕЧАНИЕ:  RELATION | 75349 | gar_tmp | xxx_type_param_value
psql:./FUNCTION/f_xxx_adr_area_set_data.sql:123: ЗАМЕЧАНИЕ:  FUNCTION | 101278 | gar_tmp_pcg_trans | f_xxx_adr_area_show_data | (date,bigint,bigint[])
psql:./FUNCTION/f_xxx_adr_area_set_data.sql:123: ЗАМЕЧАНИЕ:  RELATION | 75002 | gar_tmp | xxx_adr_area
