2023-11-10 19:01:29 Yamls/_Small_cluster
127.0.0.1 5434 unsi_test_05 postgres stage_31r.yaml
--------------------------------------------------------
[19:01:29] ...     -- Создание рабочих индексов в схеме gar_fias. False-удаление, True-удаление,создание.
[19:01:29] ...     -- Заполнение таблицы с активными предшественниками
[19:01:29] ...     -- Обработка таблицы с активными предшественниками, переподчинение и деактивация
[19:01:29] ...     -- Повторное/Контрольное отображение дубликатов
[19:01:29] ...     -- Установка признака LOGGED/UNLOGGED у таблиц в схеме gar_tmp
[19:01:29] ...     -- Очистка данных во временной схеме.
[19:01:29] ...     -- Загрузка данных из таблицы ADR_AREA_TYPE
[19:01:29] ...     -- Загрузка данных из таблицы ADR_STREET_TYPE
[19:01:29] ...     -- Загрузка данных из таблицы ADR_HOUSE_TYPE
[19:01:29] ...     -- Загрузка регионального фрагмента из таблицы ADR_AREA
[19:01:29] ...     -- Загрузка регионального фрагмента из таблицы ADR_STREET
[19:01:29] ...     -- Загрузка регионального фрагмента из таблицы ADR_HOUSE
[19:01:29] ...     -- Установка последовательностей
[19:01:29] ...     -- Агрегация данных
[19:01:29] ...     -- Агрегация параметров
[19:01:29] ...     -- Агрегация адресных пространств
[19:01:29] ...     -- Агрегация домовладений
[19:01:29] ...     -- Заполнение управляющей таблицы "gar_tmp.xxx_obj_fias"
--------------------------------------------------------
