2023-01-25 17:58:05 ./
127.0.0.1 5434 unsi_test_01 postgres stage_25_link_build.csv 
--------------------------------------------------------
[17:58:05] ... Start process, Сборка коммуникационного пакета
[17:58:05] ... -- Версия b1d8909/2023-01-25
[17:58:05] ... -- f_show_tbv_descr.sql
[17:58:05] ... -- f_show_col_descr.sql
[17:58:05] ... -- f_server_crt.sql
[17:58:05] ... -- f_server_drp.sql
[17:58:05] ... -- f_schema_import.sql
[17:58:06] ... -- f_conn_set.sql
[17:58:06] ... -- f_active_set.sql
[17:58:06] ... -- f_server_is.sql
[17:58:06] ... -- fserver_view.sql
[17:58:06] ... -- f_index_get.sql
[17:58:06] ... -- p_execute_idx.sql
[17:58:06] ... -- p_adr_objects_idx.sql
[17:58:06] ... -- p_adr_house_idx_set_uniq.sql
[17:58:07] ... -- p_adr_house_idx.sql
[17:58:07] ... -- p_adr_street_idx_set_uniq.sql
[17:58:07] ... -- p_adr_street_idx.sql
[17:58:07] ... -- p_adr_area_idx.sql
[17:58:07] ... Stop process
--------------------------------------------------------
