2023-11-08 19:07:38 ./
127.0.0.1 5434 unsi_test_01 postgres xxx_all_types_build_patch_20231108.csv 2023-11-23
--------------------------------------------------------
[19:07:38] ... Start process
[19:07:38] ... -- reateTablesGarFias_1
[19:07:39] ... -- xxx_all_types_build_patch_20231108.sql
[19:07:39] ... Stop process
--------------------------------------------------------
2023-11-09 17:54:50 ./
127.0.0.1 5434 unsi_test_05 postgres xxx_all_types_build_patch_20231108.csv 2023-11-09
--------------------------------------------------------
[17:54:50] ... Start process
[17:54:50] ... -- createTablesGarFias_1
[17:54:51] ... -- xxx_all_types_build_patch_20231108.sql
[17:54:51] ... Stop process
--------------------------------------------------------
2023-11-09 19:18:59 ./
127.0.0.1 5434 unsi_test_23 postgres xxx_all_types_build_patch_20231108.csv 2023-11-09
--------------------------------------------------------
[19:18:59] ... Start process
[19:18:59] ... -- createTablesGarFias_1
[19:18:59] ... -- xxx_all_types_build_patch_20231108.sql
[19:19:00] ... Stop process
--------------------------------------------------------
2023-11-09 19:19:10 ./
127.0.0.1 5434 unsi_test_50 postgres xxx_all_types_build_patch_20231108.csv 2023-11-09
--------------------------------------------------------
[19:19:10] ... Start process
[19:19:10] ... -- createTablesGarFias_1
[19:19:11] ... -- xxx_all_types_build_patch_20231108.sql
[19:19:11] ... Stop process
--------------------------------------------------------
2023-11-09 19:55:24 ./
127.0.0.1 5434 unsi_test_50 postgres xxx_all_types_build_patch_20231108.csv 2023-11-09
--------------------------------------------------------
[19:55:24] ... Start process
[19:55:24] ... -- createTablesGarFias_1
[19:55:25] ... -- xxx_all_types_build_patch_20231108.sql
[19:55:25] ... Stop process
--------------------------------------------------------
2023-11-13 13:57:09 ./
127.0.0.1 5434 unsi_test_01 postgres xxx_all_types_build_patch_20231108.csv 2023-11-23
--------------------------------------------------------
[13:57:09] ... Start process
[13:57:09] ... -- createTablesGarFias_1
[13:57:11] ... -- xxx_all_types_build_patch_20231108.sql
[13:57:11] ... Stop process
--------------------------------------------------------
--
--   Big Cluster
--
2023-11-13 17:51:41 ./
127.0.0.1 5432 unsi_test_01 postgres xxx_all_types_build_patch_20231108.csv 2023-11-13
--------------------------------------------------------
[17:51:41] ... Start process
[17:51:41] ... -- createTablesGarFias_1
[17:51:41] ... -- xxx_all_types_build_patch_20231108.sql
[17:51:41] ... Stop process
--------------------------------------------------------
2023-11-13 17:51:41 ./
127.0.0.1 5432 unsi_test_03 postgres xxx_all_types_build_patch_20231108.csv 2023-11-13
--------------------------------------------------------
[17:51:41] ... Start process
[17:51:41] ... -- createTablesGarFias_1
[17:51:42] ... -- xxx_all_types_build_patch_20231108.sql
[17:51:42] ... Stop process
--------------------------------------------------------
2023-11-13 17:51:42 ./
127.0.0.1 5432 unsi_test_02 postgres xxx_all_types_build_patch_20231108.csv 2023-11-13
--------------------------------------------------------
[17:51:42] ... Start process
[17:51:42] ... -- createTablesGarFias_1
[17:51:42] ... -- xxx_all_types_build_patch_20231108.sql
[17:51:42] ... Stop process
--------------------------------------------------------
2023-11-13 17:51:42 ./
127.0.0.1 5432 unsi_test_04 postgres xxx_all_types_build_patch_20231108.csv 2023-11-13
--------------------------------------------------------
[17:51:42] ... Start process
[17:51:42] ... -- createTablesGarFias_1
[17:51:42] ... -- xxx_all_types_build_patch_20231108.sql
[17:51:42] ... Stop process
--------------------------------------------------------
2023-11-13 17:51:42 ./
127.0.0.1 5432 unsi_test_05 postgres xxx_all_types_build_patch_20231108.csv 2023-11-13
--------------------------------------------------------
[17:51:42] ... Start process
[17:51:42] ... -- createTablesGarFias_1
[17:51:42] ... -- xxx_all_types_build_patch_20231108.sql
[17:51:42] ... Stop process
--------------------------------------------------------
2023-11-13 17:51:42 ./
127.0.0.1 5432 unsi_test_06 postgres xxx_all_types_build_patch_20231108.csv 2023-11-13
--------------------------------------------------------
[17:51:42] ... Start process
[17:51:42] ... -- createTablesGarFias_1
[17:51:42] ... -- xxx_all_types_build_patch_20231108.sql
[17:51:42] ... Stop process
--------------------------------------------------------
2023-11-13 17:51:42 ./
127.0.0.1 5432 unsi_test_07 postgres xxx_all_types_build_patch_20231108.csv 2023-11-13
--------------------------------------------------------
[17:51:42] ... Start process
[17:51:42] ... -- createTablesGarFias_1
[17:51:42] ... -- xxx_all_types_build_patch_20231108.sql
[17:51:42] ... Stop process
--------------------------------------------------------
2023-11-13 17:51:42 ./
127.0.0.1 5432 unsi_test_08 postgres xxx_all_types_build_patch_20231108.csv 2023-11-13
--------------------------------------------------------
[17:51:42] ... Start process
[17:51:42] ... -- createTablesGarFias_1
[17:51:42] ... -- xxx_all_types_build_patch_20231108.sql
[17:51:43] ... Stop process
--------------------------------------------------------
2023-11-13 17:51:43 ./
127.0.0.1 5432 unsi_test_09 postgres xxx_all_types_build_patch_20231108.csv 2023-11-13
--------------------------------------------------------
[17:51:43] ... Start process
[17:51:43] ... -- createTablesGarFias_1
[17:51:43] ... -- xxx_all_types_build_patch_20231108.sql
[17:51:43] ... Stop process
--------------------------------------------------------
2023-11-13 17:51:43 ./
127.0.0.1 5432 unsi_test_10 postgres xxx_all_types_build_patch_20231108.csv 2023-11-13
--------------------------------------------------------
[17:51:43] ... Start process
[17:51:43] ... -- createTablesGarFias_1
[17:51:43] ... -- xxx_all_types_build_patch_20231108.sql
[17:51:43] ... Stop process
--------------------------------------------------------
2023-11-13 17:51:43 ./
127.0.0.1 5432 unsi_test_11 postgres xxx_all_types_build_patch_20231108.csv 2023-11-13
--------------------------------------------------------
[17:51:43] ... Start process
[17:51:43] ... -- createTablesGarFias_1
[17:51:43] ... -- xxx_all_types_build_patch_20231108.sql
[17:51:43] ... Stop process
--------------------------------------------------------
2023-11-13 17:51:43 ./
127.0.0.1 5432 unsi_test_12 postgres xxx_all_types_build_patch_20231108.csv 2023-11-13
--------------------------------------------------------
[17:51:43] ... Start process
[17:51:43] ... -- createTablesGarFias_1
[17:51:43] ... -- xxx_all_types_build_patch_20231108.sql
[17:51:43] ... Stop process
--------------------------------------------------------
2023-11-13 17:51:43 ./
127.0.0.1 5432 unsi_test_13 postgres xxx_all_types_build_patch_20231108.csv 2023-11-13
--------------------------------------------------------
[17:51:43] ... Start process
[17:51:43] ... -- createTablesGarFias_1
[17:51:43] ... -- xxx_all_types_build_patch_20231108.sql
[17:51:43] ... Stop process
--------------------------------------------------------
2023-11-13 17:51:43 ./
127.0.0.1 5432 unsi_test_14 postgres xxx_all_types_build_patch_20231108.csv 2023-11-13
--------------------------------------------------------
[17:51:43] ... Start process
[17:51:43] ... -- createTablesGarFias_1
[17:51:43] ... -- xxx_all_types_build_patch_20231108.sql
[17:51:44] ... Stop process
--------------------------------------------------------
2023-11-13 17:51:44 ./
127.0.0.1 5432 unsi_test_15 postgres xxx_all_types_build_patch_20231108.csv 2023-11-13
--------------------------------------------------------
[17:51:44] ... Start process
[17:51:44] ... -- createTablesGarFias_1
[17:51:44] ... -- xxx_all_types_build_patch_20231108.sql
[17:51:44] ... Stop process
--------------------------------------------------------
2023-11-13 17:51:44 ./
127.0.0.1 5432 unsi_test_16 postgres xxx_all_types_build_patch_20231108.csv 2023-11-13
--------------------------------------------------------
[17:51:44] ... Start process
[17:51:44] ... -- createTablesGarFias_1
[17:51:44] ... -- xxx_all_types_build_patch_20231108.sql
[17:51:44] ... Stop process
--------------------------------------------------------
2023-11-13 17:51:44 ./
127.0.0.1 5432 unsi_test_17 postgres xxx_all_types_build_patch_20231108.csv 2023-11-13
--------------------------------------------------------
[17:51:44] ... Start process
[17:51:44] ... -- createTablesGarFias_1
[17:51:44] ... -- xxx_all_types_build_patch_20231108.sql
[17:51:44] ... Stop process
--------------------------------------------------------
2023-11-13 17:51:44 ./
127.0.0.1 5432 unsi_test_18 postgres xxx_all_types_build_patch_20231108.csv 2023-11-13
--------------------------------------------------------
[17:51:44] ... Start process
[17:51:44] ... -- createTablesGarFias_1
[17:51:44] ... -- xxx_all_types_build_patch_20231108.sql
[17:51:44] ... Stop process
--------------------------------------------------------
2023-11-13 17:51:44 ./
127.0.0.1 5432 unsi_test_19 postgres xxx_all_types_build_patch_20231108.csv 2023-11-13
--------------------------------------------------------
[17:51:44] ... Start process
[17:51:44] ... -- createTablesGarFias_1
[17:51:44] ... -- xxx_all_types_build_patch_20231108.sql
[17:51:44] ... Stop process
--------------------------------------------------------
2023-11-13 17:51:44 ./
127.0.0.1 5432 unsi_test_20 postgres xxx_all_types_build_patch_20231108.csv 2023-11-13
--------------------------------------------------------
[17:51:44] ... Start process
[17:51:44] ... -- createTablesGarFias_1
[17:51:44] ... -- xxx_all_types_build_patch_20231108.sql
[17:51:44] ... Stop process
--------------------------------------------------------
2023-11-13 17:51:44 ./
127.0.0.1 5432 unsi_test_21 postgres xxx_all_types_build_patch_20231108.csv 2023-11-13
--------------------------------------------------------
[17:51:44] ... Start process
[17:51:44] ... -- createTablesGarFias_1
[17:51:45] ... -- xxx_all_types_build_patch_20231108.sql
[17:51:45] ... Stop process
--------------------------------------------------------
2023-11-13 17:51:45 ./
127.0.0.1 5432 unsi_test_22 postgres xxx_all_types_build_patch_20231108.csv 2023-11-13
--------------------------------------------------------
[17:51:45] ... Start process
[17:51:45] ... -- createTablesGarFias_1
[17:51:45] ... -- xxx_all_types_build_patch_20231108.sql
[17:51:45] ... Stop process
--------------------------------------------------------
2023-11-13 17:51:45 ./
127.0.0.1 5432 unsi_test_23 postgres xxx_all_types_build_patch_20231108.csv 2023-11-13
--------------------------------------------------------
[17:51:45] ... Start process
[17:51:45] ... -- createTablesGarFias_1
[17:51:45] ... -- xxx_all_types_build_patch_20231108.sql
[17:51:45] ... Stop process
--------------------------------------------------------
2023-11-13 17:51:45 ./
127.0.0.1 5432 unsi_test_24 postgres xxx_all_types_build_patch_20231108.csv 2023-11-13
--------------------------------------------------------
[17:51:45] ... Start process
[17:51:45] ... -- createTablesGarFias_1
[17:51:45] ... -- xxx_all_types_build_patch_20231108.sql
[17:51:45] ... Stop process
--------------------------------------------------------
2023-11-13 17:51:45 ./
127.0.0.1 5432 unsi_test_25 postgres xxx_all_types_build_patch_20231108.csv 2023-11-13
--------------------------------------------------------
[17:51:45] ... Start process
[17:51:45] ... -- createTablesGarFias_1
[17:51:45] ... -- xxx_all_types_build_patch_20231108.sql
[17:51:45] ... Stop process
--------------------------------------------------------
2023-11-13 17:51:45 ./
127.0.0.1 5432 unsi_test_26 postgres xxx_all_types_build_patch_20231108.csv 2023-11-13
--------------------------------------------------------
[17:51:45] ... Start process
[17:51:45] ... -- createTablesGarFias_1
[17:51:45] ... -- xxx_all_types_build_patch_20231108.sql
[17:51:45] ... Stop process
--------------------------------------------------------
2023-11-13 17:51:45 ./
127.0.0.1 5432 unsi_test_27 postgres xxx_all_types_build_patch_20231108.csv 2023-11-13
--------------------------------------------------------
[17:51:45] ... Start process
[17:51:45] ... -- createTablesGarFias_1
[17:51:45] ... -- xxx_all_types_build_patch_20231108.sql
[17:51:45] ... Stop process
--------------------------------------------------------
2023-11-13 17:51:45 ./
127.0.0.1 5432 unsi_test_28 postgres xxx_all_types_build_patch_20231108.csv 2023-11-13
--------------------------------------------------------
[17:51:45] ... Start process
[17:51:45] ... -- createTablesGarFias_1
[17:51:45] ... -- xxx_all_types_build_patch_20231108.sql
[17:51:46] ... Stop process
--------------------------------------------------------
2023-11-13 17:51:46 ./
127.0.0.1 5432 unsi_test_29 postgres xxx_all_types_build_patch_20231108.csv 2023-11-13
--------------------------------------------------------
[17:51:46] ... Start process
[17:51:46] ... -- createTablesGarFias_1
[17:51:46] ... -- xxx_all_types_build_patch_20231108.sql
[17:51:46] ... Stop process
--------------------------------------------------------
2023-11-13 17:51:46 ./
127.0.0.1 5432 unsi_test_30 postgres xxx_all_types_build_patch_20231108.csv 2023-11-13
--------------------------------------------------------
[17:51:46] ... Start process
[17:51:46] ... -- createTablesGarFias_1
[17:51:46] ... -- xxx_all_types_build_patch_20231108.sql
[17:51:46] ... Stop process
--------------------------------------------------------
2023-11-13 17:51:46 ./
127.0.0.1 5432 unsi_test_31 postgres xxx_all_types_build_patch_20231108.csv 2023-11-13
--------------------------------------------------------
[17:51:46] ... Start process
[17:51:46] ... -- createTablesGarFias_1
[17:51:46] ... -- xxx_all_types_build_patch_20231108.sql
[17:51:46] ... Stop process
--------------------------------------------------------
2023-11-13 17:51:46 ./
127.0.0.1 5432 unsi_test_32 postgres xxx_all_types_build_patch_20231108.csv 2023-11-13
--------------------------------------------------------
[17:51:46] ... Start process
[17:51:46] ... -- createTablesGarFias_1
[17:51:46] ... -- xxx_all_types_build_patch_20231108.sql
[17:51:46] ... Stop process
--------------------------------------------------------
2023-11-13 17:51:46 ./
127.0.0.1 5432 unsi_test_33 postgres xxx_all_types_build_patch_20231108.csv 2023-11-13
--------------------------------------------------------
[17:51:46] ... Start process
[17:51:46] ... -- createTablesGarFias_1
[17:51:46] ... -- xxx_all_types_build_patch_20231108.sql
[17:51:46] ... Stop process
--------------------------------------------------------
2023-11-13 17:51:46 ./
127.0.0.1 5432 unsi_test_34 postgres xxx_all_types_build_patch_20231108.csv 2023-11-13
--------------------------------------------------------
[17:51:46] ... Start process
[17:51:46] ... -- createTablesGarFias_1
[17:51:46] ... -- xxx_all_types_build_patch_20231108.sql
[17:51:46] ... Stop process
--------------------------------------------------------
2023-11-13 17:51:46 ./
127.0.0.1 5432 unsi_test_36 postgres xxx_all_types_build_patch_20231108.csv 2023-11-13
--------------------------------------------------------
[17:51:46] ... Start process
[17:51:46] ... -- createTablesGarFias_1
[17:51:46] ... -- xxx_all_types_build_patch_20231108.sql
[17:51:46] ... Stop process
--------------------------------------------------------
2023-11-13 17:51:46 ./
127.0.0.1 5432 unsi_test_38 postgres xxx_all_types_build_patch_20231108.csv 2023-11-13
--------------------------------------------------------
[17:51:46] ... Start process
[17:51:46] ... -- createTablesGarFias_1
[17:51:46] ... -- xxx_all_types_build_patch_20231108.sql
[17:51:46] ... Stop process
--------------------------------------------------------
2023-11-13 17:51:47 ./
127.0.0.1 5432 unsi_test_39 postgres xxx_all_types_build_patch_20231108.csv 2023-11-13
--------------------------------------------------------
[17:51:47] ... Start process
[17:51:47] ... -- createTablesGarFias_1
[17:51:47] ... -- xxx_all_types_build_patch_20231108.sql
[17:51:47] ... Stop process
--------------------------------------------------------
2023-11-13 17:51:47 ./
127.0.0.1 5432 unsi_test_40 postgres xxx_all_types_build_patch_20231108.csv 2023-11-13
--------------------------------------------------------
[17:51:47] ... Start process
[17:51:47] ... -- createTablesGarFias_1
[17:51:47] ... -- xxx_all_types_build_patch_20231108.sql
[17:51:47] ... Stop process
--------------------------------------------------------
2023-11-13 17:51:47 ./
127.0.0.1 5432 unsi_test_41 postgres xxx_all_types_build_patch_20231108.csv 2023-11-13
--------------------------------------------------------
[17:51:47] ... Start process
[17:51:47] ... -- createTablesGarFias_1
[17:51:47] ... -- xxx_all_types_build_patch_20231108.sql
[17:51:47] ... Stop process
--------------------------------------------------------
2023-11-13 17:51:47 ./
127.0.0.1 5432 unsi_test_42 postgres xxx_all_types_build_patch_20231108.csv 2023-11-13
--------------------------------------------------------
[17:51:47] ... Start process
[17:51:47] ... -- createTablesGarFias_1
[17:51:47] ... -- xxx_all_types_build_patch_20231108.sql
[17:51:47] ... Stop process
--------------------------------------------------------
2023-11-13 17:51:47 ./
127.0.0.1 5432 unsi_test_43 postgres xxx_all_types_build_patch_20231108.csv 2023-11-13
--------------------------------------------------------
[17:51:47] ... Start process
[17:51:47] ... -- createTablesGarFias_1
[17:51:47] ... -- xxx_all_types_build_patch_20231108.sql
[17:51:47] ... Stop process
--------------------------------------------------------
2023-11-13 17:51:47 ./
127.0.0.1 5432 unsi_test_44 postgres xxx_all_types_build_patch_20231108.csv 2023-11-13
--------------------------------------------------------
[17:51:47] ... Start process
[17:51:47] ... -- createTablesGarFias_1
[17:51:47] ... -- xxx_all_types_build_patch_20231108.sql
[17:51:47] ... Stop process
--------------------------------------------------------
2023-11-13 17:51:47 ./
127.0.0.1 5432 unsi_test_45 postgres xxx_all_types_build_patch_20231108.csv 2023-11-13
--------------------------------------------------------
[17:51:47] ... Start process
[17:51:47] ... -- createTablesGarFias_1
[17:51:47] ... -- xxx_all_types_build_patch_20231108.sql
[17:51:47] ... Stop process
--------------------------------------------------------
2023-11-13 17:51:47 ./
127.0.0.1 5432 unsi_test_46 postgres xxx_all_types_build_patch_20231108.csv 2023-11-13
--------------------------------------------------------
[17:51:47] ... Start process
[17:51:47] ... -- createTablesGarFias_1
[17:51:47] ... -- xxx_all_types_build_patch_20231108.sql
[17:51:47] ... Stop process
--------------------------------------------------------
2023-11-13 17:51:47 ./
127.0.0.1 5432 unsi_test_47 postgres xxx_all_types_build_patch_20231108.csv 2023-11-13
--------------------------------------------------------
[17:51:47] ... Start process
[17:51:47] ... -- createTablesGarFias_1
[17:51:47] ... -- xxx_all_types_build_patch_20231108.sql
[17:51:48] ... Stop process
--------------------------------------------------------
2023-11-13 17:51:48 ./
127.0.0.1 5432 unsi_test_35 postgres xxx_all_types_build_patch_20231108.csv 2023-11-13
--------------------------------------------------------
[17:51:48] ... Start process
[17:51:48] ... -- createTablesGarFias_1
[17:51:48] ... -- xxx_all_types_build_patch_20231108.sql
[17:51:48] ... Stop process
--------------------------------------------------------
2023-11-13 17:51:48 ./
127.0.0.1 5432 unsi_test_48 postgres xxx_all_types_build_patch_20231108.csv 2023-11-13
--------------------------------------------------------
[17:51:48] ... Start process
[17:51:48] ... -- createTablesGarFias_1
[17:51:48] ... -- xxx_all_types_build_patch_20231108.sql
[17:51:48] ... Stop process
--------------------------------------------------------
2023-11-13 17:51:48 ./
127.0.0.1 5432 unsi_test_49 postgres xxx_all_types_build_patch_20231108.csv 2023-11-13
--------------------------------------------------------
[17:51:48] ... Start process
[17:51:48] ... -- createTablesGarFias_1
[17:51:48] ... -- xxx_all_types_build_patch_20231108.sql
[17:51:48] ... Stop process
--------------------------------------------------------
2023-11-13 17:51:48 ./
127.0.0.1 5432 unsi_test_50 postgres xxx_all_types_build_patch_20231108.csv 2023-11-13
--------------------------------------------------------
[17:51:48] ... Start process
[17:51:48] ... -- createTablesGarFias_1
[17:51:48] ... -- xxx_all_types_build_patch_20231108.sql
[17:51:48] ... Stop process
--------------------------------------------------------
2023-11-13 17:51:48 ./
127.0.0.1 5432 unsi_test_51 postgres xxx_all_types_build_patch_20231108.csv 2023-11-13
--------------------------------------------------------
[17:51:48] ... Start process
[17:51:48] ... -- createTablesGarFias_1
[17:51:48] ... -- xxx_all_types_build_patch_20231108.sql
[17:51:48] ... Stop process
--------------------------------------------------------
2023-11-13 17:51:48 ./
127.0.0.1 5432 unsi_test_52 postgres xxx_all_types_build_patch_20231108.csv 2023-11-13
--------------------------------------------------------
[17:51:48] ... Start process
[17:51:48] ... -- createTablesGarFias_1
[17:51:48] ... -- xxx_all_types_build_patch_20231108.sql
[17:51:48] ... Stop process
--------------------------------------------------------
2023-11-13 17:51:48 ./
127.0.0.1 5432 unsi_test_53 postgres xxx_all_types_build_patch_20231108.csv 2023-11-13
--------------------------------------------------------
[17:51:48] ... Start process
[17:51:48] ... -- createTablesGarFias_1
[17:51:48] ... -- xxx_all_types_build_patch_20231108.sql
[17:51:49] ... Stop process
--------------------------------------------------------
2023-11-13 17:51:49 ./
127.0.0.1 5432 unsi_test_54 postgres xxx_all_types_build_patch_20231108.csv 2023-11-13
--------------------------------------------------------
[17:51:49] ... Start process
[17:51:49] ... -- createTablesGarFias_1
[17:51:49] ... -- xxx_all_types_build_patch_20231108.sql
[17:51:49] ... Stop process
--------------------------------------------------------
2023-11-13 17:51:49 ./
127.0.0.1 5432 unsi_test_55 postgres xxx_all_types_build_patch_20231108.csv 2023-11-13
--------------------------------------------------------
[17:51:49] ... Start process
[17:51:49] ... -- createTablesGarFias_1
[17:51:49] ... -- xxx_all_types_build_patch_20231108.sql
[17:51:49] ... Stop process
--------------------------------------------------------
2023-11-13 17:51:49 ./
127.0.0.1 5432 unsi_test_56 postgres xxx_all_types_build_patch_20231108.csv 2023-11-13
--------------------------------------------------------
[17:51:49] ... Start process
[17:51:49] ... -- createTablesGarFias_1
[17:51:49] ... -- xxx_all_types_build_patch_20231108.sql
[17:51:49] ... Stop process
--------------------------------------------------------
2023-11-13 17:51:49 ./
127.0.0.1 5432 unsi_test_57 postgres xxx_all_types_build_patch_20231108.csv 2023-11-13
--------------------------------------------------------
[17:51:49] ... Start process
[17:51:49] ... -- createTablesGarFias_1
[17:51:49] ... -- xxx_all_types_build_patch_20231108.sql
[17:51:49] ... Stop process
--------------------------------------------------------
2023-11-13 17:51:49 ./
127.0.0.1 5432 unsi_test_58 postgres xxx_all_types_build_patch_20231108.csv 2023-11-13
--------------------------------------------------------
[17:51:49] ... Start process
[17:51:49] ... -- createTablesGarFias_1
[17:51:49] ... -- xxx_all_types_build_patch_20231108.sql
[17:51:49] ... Stop process
--------------------------------------------------------
2023-11-13 17:51:49 ./
127.0.0.1 5432 unsi_test_59 postgres xxx_all_types_build_patch_20231108.csv 2023-11-13
--------------------------------------------------------
[17:51:49] ... Start process
[17:51:49] ... -- createTablesGarFias_1
[17:51:49] ... -- xxx_all_types_build_patch_20231108.sql
[17:51:49] ... Stop process
--------------------------------------------------------
2023-11-13 17:51:49 ./
127.0.0.1 5432 unsi_test_60 postgres xxx_all_types_build_patch_20231108.csv 2023-11-13
--------------------------------------------------------
[17:51:49] ... Start process
[17:51:49] ... -- createTablesGarFias_1
[17:51:49] ... -- xxx_all_types_build_patch_20231108.sql
[17:51:49] ... Stop process
--------------------------------------------------------
2023-11-13 17:51:49 ./
127.0.0.1 5432 unsi_test_61 postgres xxx_all_types_build_patch_20231108.csv 2023-11-13
--------------------------------------------------------
[17:51:49] ... Start process
[17:51:49] ... -- createTablesGarFias_1
[17:51:50] ... -- xxx_all_types_build_patch_20231108.sql
[17:51:50] ... Stop process
--------------------------------------------------------
2023-11-13 17:51:50 ./
127.0.0.1 5432 unsi_test_62 postgres xxx_all_types_build_patch_20231108.csv 2023-11-13
--------------------------------------------------------
[17:51:50] ... Start process
[17:51:50] ... -- createTablesGarFias_1
[17:51:50] ... -- xxx_all_types_build_patch_20231108.sql
[17:51:50] ... Stop process
--------------------------------------------------------
2023-11-13 17:51:50 ./
127.0.0.1 5432 unsi_test_63 postgres xxx_all_types_build_patch_20231108.csv 2023-11-13
--------------------------------------------------------
[17:51:50] ... Start process
[17:51:50] ... -- createTablesGarFias_1
[17:51:50] ... -- xxx_all_types_build_patch_20231108.sql
[17:51:50] ... Stop process
--------------------------------------------------------
2023-11-13 17:51:50 ./
127.0.0.1 5432 unsi_test_37 postgres xxx_all_types_build_patch_20231108.csv 2023-11-13
--------------------------------------------------------
[17:51:50] ... Start process
[17:51:50] ... -- createTablesGarFias_1
[17:51:50] ... -- xxx_all_types_build_patch_20231108.sql
[17:51:50] ... Stop process
--------------------------------------------------------
2023-11-13 17:51:50 ./
127.0.0.1 5432 unsi_test_64 postgres xxx_all_types_build_patch_20231108.csv 2023-11-13
--------------------------------------------------------
[17:51:50] ... Start process
[17:51:50] ... -- createTablesGarFias_1
[17:51:50] ... -- xxx_all_types_build_patch_20231108.sql
[17:51:50] ... Stop process
--------------------------------------------------------
2023-11-13 17:51:50 ./
127.0.0.1 5432 unsi_test_65 postgres xxx_all_types_build_patch_20231108.csv 2023-11-13
--------------------------------------------------------
[17:51:50] ... Start process
[17:51:50] ... -- createTablesGarFias_1
[17:51:50] ... -- xxx_all_types_build_patch_20231108.sql
[17:51:50] ... Stop process
--------------------------------------------------------
2023-11-13 17:51:50 ./
127.0.0.1 5432 unsi_test_66 postgres xxx_all_types_build_patch_20231108.csv 2023-11-13
--------------------------------------------------------
[17:51:50] ... Start process
[17:51:50] ... -- createTablesGarFias_1
[17:51:50] ... -- xxx_all_types_build_patch_20231108.sql
[17:51:50] ... Stop process
--------------------------------------------------------
2023-11-13 17:51:50 ./
127.0.0.1 5432 unsi_test_67 postgres xxx_all_types_build_patch_20231108.csv 2023-11-13
--------------------------------------------------------
[17:51:50] ... Start process
[17:51:50] ... -- createTablesGarFias_1
[17:51:50] ... -- xxx_all_types_build_patch_20231108.sql
[17:51:51] ... Stop process
--------------------------------------------------------
2023-11-13 17:51:51 ./
127.0.0.1 5432 unsi_test_68 postgres xxx_all_types_build_patch_20231108.csv 2023-11-13
--------------------------------------------------------
[17:51:51] ... Start process
[17:51:51] ... -- createTablesGarFias_1
[17:51:51] ... -- xxx_all_types_build_patch_20231108.sql
[17:51:51] ... Stop process
--------------------------------------------------------
2023-11-13 17:51:51 ./
127.0.0.1 5432 unsi_test_69 postgres xxx_all_types_build_patch_20231108.csv 2023-11-13
--------------------------------------------------------
[17:51:51] ... Start process
[17:51:51] ... -- createTablesGarFias_1
[17:51:51] ... -- xxx_all_types_build_patch_20231108.sql
[17:51:51] ... Stop process
--------------------------------------------------------
2023-11-13 17:51:51 ./
127.0.0.1 5432 unsi_test_70 postgres xxx_all_types_build_patch_20231108.csv 2023-11-13
--------------------------------------------------------
[17:51:51] ... Start process
[17:51:51] ... -- createTablesGarFias_1
[17:51:51] ... -- xxx_all_types_build_patch_20231108.sql
[17:51:51] ... Stop process
--------------------------------------------------------
2023-11-13 17:51:51 ./
127.0.0.1 5432 unsi_test_71 postgres xxx_all_types_build_patch_20231108.csv 2023-11-13
--------------------------------------------------------
[17:51:51] ... Start process
[17:51:51] ... -- createTablesGarFias_1
[17:51:51] ... -- xxx_all_types_build_patch_20231108.sql
[17:51:51] ... Stop process
--------------------------------------------------------
2023-11-13 17:51:51 ./
127.0.0.1 5432 unsi_test_72 postgres xxx_all_types_build_patch_20231108.csv 2023-11-13
--------------------------------------------------------
[17:51:51] ... Start process
[17:51:51] ... -- createTablesGarFias_1
[17:51:51] ... -- xxx_all_types_build_patch_20231108.sql
[17:51:51] ... Stop process
--------------------------------------------------------
2023-11-13 17:51:51 ./
127.0.0.1 5432 unsi_test_73 postgres xxx_all_types_build_patch_20231108.csv 2023-11-13
--------------------------------------------------------
[17:51:51] ... Start process
[17:51:51] ... -- createTablesGarFias_1
[17:51:51] ... -- xxx_all_types_build_patch_20231108.sql
[17:51:51] ... Stop process
--------------------------------------------------------
2023-11-13 17:51:51 ./
127.0.0.1 5432 unsi_test_74 postgres xxx_all_types_build_patch_20231108.csv 2023-11-13
--------------------------------------------------------
[17:51:51] ... Start process
[17:51:51] ... -- createTablesGarFias_1
[17:51:51] ... -- xxx_all_types_build_patch_20231108.sql
[17:51:51] ... Stop process
--------------------------------------------------------
2023-11-13 17:51:51 ./
127.0.0.1 5432 unsi_test_75 postgres xxx_all_types_build_patch_20231108.csv 2023-11-13
--------------------------------------------------------
[17:51:51] ... Start process
[17:51:51] ... -- createTablesGarFias_1
[17:51:51] ... -- xxx_all_types_build_patch_20231108.sql
[17:51:52] ... Stop process
--------------------------------------------------------
2023-11-13 17:51:52 ./
127.0.0.1 5432 unsi_test_76 postgres xxx_all_types_build_patch_20231108.csv 2023-11-13
--------------------------------------------------------
[17:51:52] ... Start process
[17:51:52] ... -- createTablesGarFias_1
[17:51:52] ... -- xxx_all_types_build_patch_20231108.sql
[17:51:52] ... Stop process
--------------------------------------------------------
2023-11-13 17:51:52 ./
127.0.0.1 5432 unsi_test_78 postgres xxx_all_types_build_patch_20231108.csv 2023-11-13
--------------------------------------------------------
[17:51:52] ... Start process
[17:51:52] ... -- createTablesGarFias_1
[17:51:52] ... -- xxx_all_types_build_patch_20231108.sql
[17:51:52] ... Stop process
--------------------------------------------------------
2023-11-13 17:51:52 ./
127.0.0.1 5432 unsi_test_79 postgres xxx_all_types_build_patch_20231108.csv 2023-11-13
--------------------------------------------------------
[17:51:52] ... Start process
[17:51:52] ... -- createTablesGarFias_1
[17:51:52] ... -- xxx_all_types_build_patch_20231108.sql
[17:51:52] ... Stop process
--------------------------------------------------------
2023-11-13 17:51:52 ./
127.0.0.1 5432 unsi_test_83 postgres xxx_all_types_build_patch_20231108.csv 2023-11-13
--------------------------------------------------------
[17:51:52] ... Start process
[17:51:52] ... -- createTablesGarFias_1
[17:51:52] ... -- xxx_all_types_build_patch_20231108.sql
[17:51:52] ... Stop process
--------------------------------------------------------
2023-11-13 17:51:52 ./
127.0.0.1 5432 unsi_test_86 postgres xxx_all_types_build_patch_20231108.csv 2023-11-13
--------------------------------------------------------
[17:51:52] ... Start process
[17:51:52] ... -- createTablesGarFias_1
[17:51:52] ... -- xxx_all_types_build_patch_20231108.sql
[17:51:52] ... Stop process
--------------------------------------------------------
2023-11-13 17:51:52 ./
127.0.0.1 5432 unsi_test_89 postgres xxx_all_types_build_patch_20231108.csv 2023-11-13
--------------------------------------------------------
[17:51:52] ... Start process
[17:51:52] ... -- createTablesGarFias_1
[17:51:52] ... -- xxx_all_types_build_patch_20231108.sql
[17:51:52] ... Stop process
--------------------------------------------------------
2023-11-13 17:51:52 ./
127.0.0.1 5432 unsi_test_87 postgres xxx_all_types_build_patch_20231108.csv 2023-11-13
--------------------------------------------------------
[17:51:52] ... Start process
[17:51:52] ... -- createTablesGarFias_1
[17:51:52] ... -- xxx_all_types_build_patch_20231108.sql
[17:51:52] ... Stop process
--------------------------------------------------------
2023-11-13 17:51:52 ./
127.0.0.1 5432 unsi_test_91 postgres xxx_all_types_build_patch_20231108.csv 2023-11-13
--------------------------------------------------------
[17:51:52] ... Start process
[17:51:52] ... -- createTablesGarFias_1
[17:51:52] ... -- xxx_all_types_build_patch_20231108.sql
[17:51:53] ... Stop process
--------------------------------------------------------
2023-11-13 17:51:53 ./
127.0.0.1 5432 unsi_test_77 postgres xxx_all_types_build_patch_20231108.csv 2023-11-13
--------------------------------------------------------
[17:51:53] ... Start process
[17:51:53] ... -- createTablesGarFias_1
[17:51:53] ... -- xxx_all_types_build_patch_20231108.sql
[17:51:53] ... Stop process
--------------------------------------------------------
2023-11-13 17:51:53 ./
127.0.0.1 5432 unsi_test_92 postgres xxx_all_types_build_patch_20231108.csv 2023-11-13
--------------------------------------------------------
[17:51:53] ... Start process
[17:51:53] ... -- createTablesGarFias_1
[17:51:53] ... -- xxx_all_types_build_patch_20231108.sql
[17:51:53] ... Stop process
--------------------------------------------------------
