2022-07-21 14:39:22 ./
127.0.0.1 5433 postgres postgres stage_0.csv 2022-07-21
--------------------------------------------------------
[14:39:22] ... Start process
[14:39:22] ...  -- Remove old DB
[14:39:22] ...  -- DB creating
[14:39:25] ... Stop process
--------------------------------------------------------
2022-07-21 14:42:22 ./
127.0.0.1 5433 test_15 postgres stage_1.csv 2022-07-21
--------------------------------------------------------
[14:42:22] ... Start process
[14:42:22] ...  -- createSchemas.sql
[14:42:23] ...  -- CreateExtensions.sql
[14:42:23] ...  -- createFdw.sql
[14:42:24] ...  -- createTablesGarFias.sql
[14:42:30] ...  -- CreateTablesGarVersion.sql
[14:42:30] ... [14:42:30]: Error, rc = 256
[14:42:30] ...             psql -h 127.0.0.1 -p 5433 -f "./GAR_VERSION/CreateTablesGarVersion.sql"  test_15  -U postgres 1>> process.out 2>> process.err
--------------------------------------------------------
2022-07-21 14:43:54 ./
127.0.0.1 5433 test_15 postgres stage_1.csv 2022-07-21
--------------------------------------------------------
[14:43:54] ... Start process
[14:43:54] ...  -- createSchemas.sql
[14:43:54] ...  -- CreateExtensions.sql
[14:43:54] ...  -- createFdw.sql
[14:43:55] ...  -- createTablesGarFias.sql
[14:43:59] ...  -- CreateTablesGarVersion.sql
[14:44:00] ...  -- CreateTableGarLink
[14:44:01] ...  -- CreateTableGarTmp.sql
[14:44:04] ...  -- CreateTableGarTmpHist.sql
[14:44:06] ...  -- CreateTypesGarTmp.sql
[14:44:06] ... Stop process
--------------------------------------------------------
2022-07-21 14:56:21 ./
127.0.0.1 5433 test_15 postgres stage_2.csv 2022-07-21
--------------------------------------------------------
[14:56:21] ... Start process
[14:56:21] ...  -- pcg_gar_misc_pg.sql
[14:56:21] ...  -- pcg_load_gar_fias_pg.sql
[14:56:22] ...  -- pcg_gar_version_pg.sql
[14:56:22] ...  -- pcg_gar_link_pg.sql
[14:56:22] ...  -- pcg_gar_tmp_pg.sql
[14:56:24] ...  -- gar_link.f_schema_import
[14:56:24] ...  -- gar_link.f_server_is()
[14:56:24] ...  -- v_servers_active
[14:56:24] ... Stop process
--------------------------------------------------------
