BEGIN
UPDATE 19
 id_area_type |             nm_area_type              | nm_area_type_short | pr_lead |     dt_data_del     
--------------+---------------------------------------+--------------------+---------+---------------------
            1 | Аал                                   | аал                |       0 | 
            2 | Автономный округ                      | АО                 |       0 | 
            3 | Автономная область                    | Аобл               |       0 | 
            4 | Арбан                                 | арбан              |       0 | 
            5 | Аул                                   | аул                |       0 | 
            6 | Выселки(ок)                           | высел.             |       0 | 
            7 | Город                                 | г.                 |       0 | 
            8 | Городок                               | городок            |       0 | 
            9 | городской поселок                     | гп                 |       0 | 
           10 | Деревня                               | д.                 |       0 | 
           11 | Дачный поселок                        | дп                 |       0 | 
           12 | Железнодорожная будка                 | ж/д_будка          |       0 | 
           13 | Железнодорожная казарма               | ж/д_казарм         |       0 | 
           14 | ж/д останов. (обгонный) пункт         | ж/д_оп             |       0 | 
           15 | Железнодорожная платформа             | ж/д_платф          |       0 | 
           16 | Железнодорожный пост                  | ж/д_пост           |       0 | 
           17 | Железнодорожный разъезд               | ж/д_рзд            |       0 | 
           18 | Железнодорожная станция               | ж/д_ст             |       0 | 
           19 | Жилая зона                            | жилзона            |       0 | 
           20 | Жилой район                           | жилрайон           |       0 | 
           21 | Заимка                                | заимка             |       0 | 
           22 | Казарма                               | казарма            |       0 | 
           23 | Квартал                               | кв-л               |       0 | 
           24 | Кордон                                | кордон             |       0 | 
           25 | Курортный поселок                     | кп                 |       0 | 
           26 | Край                                  | край               |       0 | 
           27 | Леспромхоз                            | лпх                |       0 | 
           28 | Местечко                              | м.                 |       0 | 
           29 | Массив                                | массив             |       0 | 
           30 | Микрорайон                            | мкр.               |       0 | 
           31 | Населенный пункт                      | нп                 |       0 | 
           32 | Область                               | обл.               |       0 | 
           33 | Остров                                | остров             |       0 | 
           34 | Поселок                               | п.                 |       0 | 
           35 | Поселение                             | поселение          |       0 | 
           36 | Поселок и(при) станция(и)             | п/ст               |       0 | 
           37 | Поселок городского типа               | пгт                |       0 | 
           38 | Починок                               | починок            |       0 | 
           39 | Промышленная зона                     | промзона           |       0 | 
           40 | Район                                 | р-н                |       0 | 
           41 | Республика                            | Респ               |       0 | 
           42 | Разъезд                               | рзд                |       0 | 2023-11-15 00:00:00
           43 | Рабочий поселок                       | рп                 |       0 | 
           44 | Село                                  | с                  |       0 | 
           45 | Сельская администрация                | с/а                |       0 | 
           46 | Сельское муницип.образование          | с/мо               |       0 | 
           47 | Сельский округ                        | с/о                |       0 | 
           48 | Сельское поселение                    | с/п                |       0 | 
           49 | Сельсовет                             | с/с                |       0 | 
           50 | Слобода                               | сл                 |       0 | 
           51 | Садовое неком-е товарищество          | снт                |       0 | 
           52 | Станция                               | ст                 |       0 | 
           53 | Станица                               | ст-ца              |       0 | 
           54 | Территория                            | тер                |       0 | 
           55 | Улус                                  | у                  |       0 | 
           56 | Хутор                                 | х                  |       0 | 
           57 | Дачное неком-е партнерство            | днп                |       0 | 
           58 | Территория ДНП                        | тер. ДНП           |       0 | 
           59 | Территория ДНТ                        | тер. ДНТ           |       0 | 
           60 | Территория СНТ                        | тер. СНТ           |       0 | 
           61 | Территория ТСН                        | тер. ТСН           |       0 | 
           62 | Город федерального значения           | г.ф.з.             |       0 | 
           63 | Округ                                 | округ              |       0 | 
           64 | Чувашия                               | Чувашия            |       0 | 
           65 | Внутригородская территория            | вн.тер. г.         |       0 | 
           66 | Городской округ                       | г.о.               |       0 | 
           67 | Муниципальный район                   | м.р-н              |       0 | 
           68 | Волость                               | волость            |       0 | 
           69 | Почтовое отделение                    | п/о                |       0 | 
           70 | Автодорога                            | автодорога         |       0 | 
           71 | Железнодорожный блокпост              | ж/д бл-ст          |       0 | 
           72 | Железнодорожная ветка                 | ж/д в-ка           |       0 | 
           73 | Железнодорожный комбинат              | ж/д к-т            |       0 | 
           74 | Железнодорожный остановочный пункт    | ж/д о.п.           |       0 | 
           75 | Железнодорожный путевой пост          | ж/д п.п.           |       0 | 
           76 | Железнодорожная площадка              | ж/д пл-ка          |       0 | 
           77 | Зимовье                               | зим.               |       0 | 
           78 | Кишлак                                | киш.               |       0 | 
           79 | Поселок при железнодорожной станции   | п. ж/д ст.         |       0 | 
           80 | Планировочный район                   | пл.р-н             |       0 | 
           81 | Погост                                | погост             |       0 | 
           82 | Поселок разъезда                      | пос.рзд            |       0 | 
           83 | Сельский поселок                      | сп                 |       0 | 
           84 | Абонентский ящик                      | а/я                |       0 | 
           85 | Аллея                                 | ал.                |       0 | 2023-11-15 00:00:00
           86 | Берег                                 | б-г                |       0 | 
           87 | Бульвар                               | б-р                |       0 | 2023-11-15 00:00:00
           88 | Вал                                   | вал                |       0 | 2023-11-15 00:00:00
           89 | Въезд                                 | взд.               |       0 | 2023-11-15 00:00:00
           90 | Гаражно-строительный кооп.            | гск                |       0 | 
           91 | Дорога                                | дор.               |       0 | 2023-11-15 00:00:00
           92 | Заезд                                 | ззд.               |       0 | 2023-11-15 00:00:00
           93 | Зона (массив)                         | зона               |       0 | 
           94 | Километр                              | км                 |       0 | 
           95 | Коса                                  | коса               |       0 | 
           96 | Кольцо                                | к-цо               |       0 | 2023-11-15 00:00:00
           97 | Линия                                 | лн.                |       0 | 2023-11-15 00:00:00
           98 | Местность                             | местность          |       0 | 
           99 | Месторождение                         | месторожд.         |       0 | 
          100 | Некоммерческое партнерство            | н/п                |       0 | 
          101 | Набережная                            | наб.               |       0 | 
          102 | Промышленный район                    | п/р                |       0 | 
          103 | Парк                                  | парк               |       0 | 
          104 | Переезд                               | пер-д              |       0 | 2023-11-15 00:00:00
          105 | Платформа                             | платф.             |       0 | 
          106 | Площадка                              | пл-ка              |       0 | 
          107 | Порт                                  | порт               |       0 | 
          108 | Просек                                | пр-к               |       0 | 2023-11-15 00:00:00
          109 | Просека                               | пр-ка              |       0 | 2023-11-15 00:00:00
          110 | Проспект                              | пр-кт              |       0 | 2023-11-15 00:00:00
          111 | Проселок                              | пр-лок             |       0 | 
          112 | Проулок                               | проул.             |       0 | 2023-11-15 00:00:00
          113 | Сад                                   | сад                |       0 | 
          114 | Спуск                                 | с-к                |       0 | 2023-11-15 00:00:00
          115 | Сквер                                 | сквер              |       0 | 2023-11-15 00:00:00
          116 | Территория ГСК                        | тер. ГСК           |       0 | 
          117 | Территория ДНО                        | тер. ДНО           |       0 | 
          118 | Территория ДПК                        | тер. ДПК           |       0 | 
          119 | Территория ОНО                        | тер. ОНО           |       0 | 
          120 | Территория ОНП                        | тер. ОНП           |       0 | 
          121 | Территория ОНТ                        | тер. ОНТ           |       0 | 
          122 | Территория ОПК                        | тер. ОПК           |       0 | 
          123 | Территория ПК                         | тер. ПК            |       0 | 
          124 | Территория СНО                        | тер. СНО           |       0 | 
          125 | Территория СНП                        | тер. СНП           |       0 | 
          126 | Территория СПК                        | тер. СПК           |       0 | 
          127 | Территория ТСЖ                        | тер. ТСЖ           |       0 | 
          128 | Территория СОСН                       | тер.СОСН           |       0 | 
          129 | Территория ФХ                         | тер.ф.х.           |       0 | 
          130 | Тракт                                 | тракт              |       0 | 2023-11-15 00:00:00
          131 | Тупик                                 | туп.               |       0 | 2023-11-15 00:00:00
          132 | Усадьба                               | ус.                |       0 | 
          133 | Фермерское хозяйство                  | ф/х                |       0 | 
          134 | Шоссе                                 | ш.                 |       0 | 2023-11-15 00:00:00
          135 | Юрты                                  | ю.                 |       0 | 
          136 | городское поселение                   | г.п.               |       0 | 
          137 | внутригородской район                 | вн.р-н             |       0 | 
          138 | межселенная территория                | межсел.тер         |       0 | 
          139 | Муниципальный округ                   | м.о.               |       0 | 
          140 | Поселок при станции (поселок станции) | п. ст.             |       0 | 
          141 | Садовое товарищество                  | с/т                |       0 | 
          142 | Выселки                               | в-ки               |       0 | 
(142 строки)

COMMIT
BEGIN
UPDATE 19
 id_street_type |       nm_street_type       | nm_street_type_short |     dt_data_del     
----------------+----------------------------+----------------------+---------------------
              1 | Аллея                      | аллея                | 
              2 | Бульвар                    | б-р                  | 
              3 | Балка                      | балка                | 
              4 | Берег                      | берег                | 2023-11-15 00:00:00
              5 | Бугор                      | бугор                | 
              6 | Бухта                      | бухта                | 
              7 | Вал                        | вал                  | 
              8 | Въезд                      | въезд                | 
              9 | Заезд                      | заезд                | 
             10 | Зона                       | зона                 | 
             11 | Канал                      | канал                | 
             12 | Квартал                    | кв-л                 | 2023-11-15 00:00:00
             13 | Кольцо                     | кольцо               | 
             14 | Коса                       | коса                 | 2023-11-15 00:00:00
             15 | Линия                      | линия                | 
             16 | Микрорайон                 | мкр.                 | 2023-11-15 00:00:00
             17 | Набережная                 | наб.                 | 
             18 | Парк                       | парк                 | 2023-11-15 00:00:00
             19 | Переулок                   | пер.                 | 
             20 | Переезд                    | переезд              | 
             21 | Площадь                    | пл.                  | 
             22 | Проспект                   | пр-кт                | 
             23 | Проезд                     | проезд               | 
             24 | Просек                     | просек               | 
             25 | Просека                    | просека              | 
             26 | Проток                     | проток               | 
             27 | Проулок                    | проулок              | 
             28 | Разъезд                    | рзд                  | 
             29 | Ряды                       | ряды                 | 
             30 | Сад                        | сад                  | 2023-11-15 00:00:00
             31 | Сквер                      | сквер                | 
             32 | Спуск                      | спуск                | 
             33 | Станция                    | ст.                  | 2023-11-15 00:00:00
             34 | Территория                 | тер.                 | 2023-11-15 00:00:00
             35 | тоннель                    | тоннель              | 
             36 | Тракт                      | тракт                | 
             37 | Тупик                      | туп.                 | 
             38 | Улица                      | ул.                  | 
             39 | Участок                    | уч-к                 | 
             40 | Шоссе                      | ш.                   | 
             41 | Платформа                  | платф.               | 2023-11-15 00:00:00
             42 | Километр                   | км.                  | 2023-11-15 00:00:00
             43 | Городок                    | г-к                  | 2023-11-15 00:00:00
             44 | Гаражно-строительный кооп. | гск                  | 2023-11-15 00:00:00
             45 | Казарма                    | казарма              | 2023-11-15 00:00:00
             46 | Местечко                   | м                    | 2023-11-15 00:00:00
             47 | Остров                     | остров               | 2023-11-15 00:00:00
             48 | Ряд                        | ряд                  | 
             49 | Дачное неком-е партнерство | днп                  | 2023-11-15 00:00:00
             50 | Дорога                     | дор                  | 
             51 | Маяк                       | маяк                 | 
             52 | Магистраль                 | мгстр.               | 
             53 | Некоммерческое партнерство | н/п                  | 2023-11-15 00:00:00
             54 | Планировочный район        | пл.р-н               | 2023-11-15 00:00:00
             55 | Полустанок                 | полустанок           | 
             56 | Территория ДНТ             | тер. ДНТ             | 2023-11-15 00:00:00
(56 строк)

COMMIT
