2024-03-06 12:43:03 ./
10.196.35.165 5433 mb_data_01 postgres stage_x.csv 2024-03-06
--------------------------------------------------------
[12:43:03] ... Start process,Обновление
[12:43:03] ... -- dblink
[12:43:04] ... Stop process
--------------------------------------------------------
2024-03-06 12:43:05 ./
10.196.35.165 5433 mb_data_02 postgres stage_x.csv 2024-03-06
--------------------------------------------------------
[12:43:05] ... Start process,Обновление
[12:43:05] ... -- dblink
[12:43:05] ... Stop process
--------------------------------------------------------
2024-03-06 12:43:05 ./
10.196.35.165 5433 mb_data_03 postgres stage_x.csv 2024-03-06
--------------------------------------------------------
[12:43:05] ... Start process,Обновление
[12:43:05] ... -- dblink
[12:43:06] ... Stop process
--------------------------------------------------------
2024-03-06 12:43:07 ./
10.196.35.165 5433 mb_data_04 postgres stage_x.csv 2024-03-06
--------------------------------------------------------
[12:43:07] ... Start process,Обновление
[12:43:07] ... -- dblink
[12:43:07] ... Stop process
--------------------------------------------------------
2024-03-06 12:43:08 ./
10.196.35.165 5433 mb_data_05 postgres stage_x.csv 2024-03-06
--------------------------------------------------------
[12:43:08] ... Start process,Обновление
[12:43:08] ... -- dblink
[12:43:08] ... Stop process
--------------------------------------------------------
2024-03-06 13:52:07 ./
10.196.35.165 5433 mb_data_01 postgres stage_x.csv 2024-03-06
--------------------------------------------------------
[13:52:07] ... Start process,Обновление
[13:52:07] ... -- DROP dblink
[13:52:07] ... -- CREATE dblink
[13:52:08] ... -- CREATE SERVER ccrm
[13:52:08] ... Stop process
--------------------------------------------------------
2024-03-06 13:52:09 ./
10.196.35.165 5433 mb_data_02 postgres stage_x.csv 2024-03-06
--------------------------------------------------------
[13:52:09] ... Start process,Обновление
[13:52:09] ... -- DROP dblink
[13:52:09] ... -- CREATE dblink
[13:52:09] ... -- CREATE SERVER ccrm
[13:52:10] ... Stop process
--------------------------------------------------------
2024-03-06 13:52:10 ./
10.196.35.165 5433 mb_data_03 postgres stage_x.csv 2024-03-06
--------------------------------------------------------
[13:52:10] ... Start process,Обновление
[13:52:10] ... -- DROP dblink
[13:52:10] ... -- CREATE dblink
[13:52:11] ... -- CREATE SERVER ccrm
[13:52:11] ... Stop process
--------------------------------------------------------
2024-03-06 13:52:12 ./
10.196.35.165 5433 mb_data_04 postgres stage_x.csv 2024-03-06
--------------------------------------------------------
[13:52:12] ... Start process,Обновление
[13:52:12] ... -- DROP dblink
[13:52:12] ... -- CREATE dblink
[13:52:12] ... -- CREATE SERVER ccrm
[13:52:13] ... Stop process
--------------------------------------------------------
2024-03-06 13:52:13 ./
10.196.35.165 5433 mb_data_05 postgres stage_x.csv 2024-03-06
--------------------------------------------------------
[13:52:13] ... Start process,Обновление
[13:52:13] ... -- DROP dblink
[13:52:13] ... -- CREATE dblink
[13:52:14] ... -- CREATE SERVER ccrm
[13:52:14] ... Stop process
--------------------------------------------------------
2024-03-06 16:33:36 ./
10.196.35.165 5433 mb_data_01 mb_owner_01 stage_1.csv 2024-03-06
--------------------------------------------------------
[16:33:36] ... Start process
[16:33:36] ... -- 3_crt_sch_pcg.sql
[16:33:38] ... Stop process
--------------------------------------------------------
2024-03-06 16:33:38 ./
10.196.35.165 5433 mb_data_02 mb_owner_02 stage_1.csv 2024-03-06
--------------------------------------------------------
[16:33:38] ... Start process
[16:33:38] ... -- 3_crt_sch_pcg.sql
[16:33:39] ... Stop process
--------------------------------------------------------
2024-03-06 16:33:40 ./
10.196.35.165 5433 mb_data_03 mb_owner_03 stage_1.csv 2024-03-06
--------------------------------------------------------
[16:33:40] ... Start process
[16:33:40] ... -- 3_crt_sch_pcg.sql
[16:33:42] ... Stop process
--------------------------------------------------------
2024-03-06 16:33:42 ./
10.196.35.165 5433 mb_data_04 mb_owner_04 stage_1.csv 2024-03-06
--------------------------------------------------------
[16:33:42] ... Start process
[16:33:42] ... -- 3_crt_sch_pcg.sql
[16:33:44] ... Stop process
--------------------------------------------------------
2024-03-06 16:33:45 ./
10.196.35.165 5433 mb_data_05 mb_owner_05 stage_1.csv 2024-03-06
--------------------------------------------------------
[16:33:45] ... Start process
[16:33:45] ... -- 3_crt_sch_pcg.sql
[16:33:46] ... Stop process
--------------------------------------------------------
