2024-03-13 21:30:53 ./
10.196.35.165 5433 mb_data_01 mb_owner_01 stage_pcg_dict.csv 2024-03-13
--------------------------------------------------------
[21:30:53] ... Start process
[21:30:53] ... -- Версия ece7ca2/2024-03-13
[21:30:54] ... -- p_load_d_system.sql        
[21:30:54] ... -- p_load_d_service_status.sql
[21:30:55] ... -- p_load_otdels.sql          
[21:30:56] ... -- p_load_acc_users.sql       
[21:30:56] ... -- p_load_d_step_service.sql  
[21:30:57] ... -- p_load_d_tp_contact.sql    
[21:30:57] ... -- p_load_d_crm_service.sql   
[21:30:58] ... -- p_load_d_tp_client.sql     
[21:30:58] ... -- p_load_d_status.sql        
[21:30:59] ... -- p_load_d_dict.sql          
[21:31:00] ... -- p_load_d_sys_entity.sql    
[21:31:00] ... Stop process
--------------------------------------------------------
2024-03-13 21:31:01 ./
10.196.35.165 5433 mb_data_02 mb_owner_02 stage_pcg_dict.csv 2024-03-13
--------------------------------------------------------
[21:31:01] ... Start process
[21:31:01] ... -- Версия ece7ca2/2024-03-13
[21:31:01] ... -- p_load_d_system.sql        
[21:31:02] ... -- p_load_d_service_status.sql
[21:31:02] ... -- p_load_otdels.sql          
[21:31:03] ... -- p_load_acc_users.sql       
[21:31:03] ... -- p_load_d_step_service.sql  
[21:31:04] ... -- p_load_d_tp_contact.sql    
[21:31:04] ... -- p_load_d_crm_service.sql   
[21:31:05] ... -- p_load_d_tp_client.sql     
[21:31:06] ... -- p_load_d_status.sql        
[21:31:06] ... -- p_load_d_dict.sql          
[21:31:07] ... -- p_load_d_sys_entity.sql    
[21:31:07] ... Stop process
--------------------------------------------------------
2024-03-13 21:31:08 ./
10.196.35.165 5433 mb_data_03 mb_owner_03 stage_pcg_dict.csv 2024-03-13
--------------------------------------------------------
[21:31:08] ... Start process
[21:31:08] ... -- Версия ece7ca2/2024-03-13
[21:31:08] ... -- p_load_d_system.sql        
[21:31:09] ... -- p_load_d_service_status.sql
[21:31:09] ... -- p_load_otdels.sql          
[21:31:10] ... -- p_load_acc_users.sql       
[21:31:11] ... -- p_load_d_step_service.sql  
[21:31:11] ... -- p_load_d_tp_contact.sql    
[21:31:12] ... -- p_load_d_crm_service.sql   
[21:31:12] ... -- p_load_d_tp_client.sql     
[21:31:13] ... -- p_load_d_status.sql        
[21:31:13] ... -- p_load_d_dict.sql          
[21:31:14] ... -- p_load_d_sys_entity.sql    
[21:31:15] ... Stop process
--------------------------------------------------------
2024-03-13 21:31:15 ./
10.196.35.165 5433 mb_data_04 mb_owner_04 stage_pcg_dict.csv 2024-03-13
--------------------------------------------------------
[21:31:15] ... Start process
[21:31:15] ... -- Версия ece7ca2/2024-03-13
[21:31:15] ... -- p_load_d_system.sql        
[21:31:16] ... -- p_load_d_service_status.sql
[21:31:17] ... -- p_load_otdels.sql          
[21:31:17] ... -- p_load_acc_users.sql       
[21:31:18] ... -- p_load_d_step_service.sql  
[21:31:19] ... -- p_load_d_tp_contact.sql    
[21:31:19] ... -- p_load_d_crm_service.sql   
[21:31:20] ... -- p_load_d_tp_client.sql     
[21:31:20] ... -- p_load_d_status.sql        
[21:31:21] ... -- p_load_d_dict.sql          
[21:31:22] ... -- p_load_d_sys_entity.sql    
[21:31:22] ... Stop process
--------------------------------------------------------
2024-03-13 21:31:23 ./
10.196.35.165 5433 mb_data_05 mb_owner_05 stage_pcg_dict.csv 2024-03-13
--------------------------------------------------------
[21:31:23] ... Start process
[21:31:23] ... -- Версия ece7ca2/2024-03-13
[21:31:23] ... -- p_load_d_system.sql        
[21:31:23] ... -- p_load_d_service_status.sql
[21:31:24] ... -- p_load_otdels.sql          
[21:31:25] ... -- p_load_acc_users.sql       
[21:31:25] ... -- p_load_d_step_service.sql  
[21:31:26] ... -- p_load_d_tp_contact.sql    
[21:31:26] ... -- p_load_d_crm_service.sql   
[21:31:27] ... -- p_load_d_tp_client.sql     
[21:31:28] ... -- p_load_d_status.sql        
[21:31:28] ... -- p_load_d_dict.sql          
[21:31:29] ... -- p_load_d_sys_entity.sql    
[21:31:29] ... Stop process
--------------------------------------------------------
2024-03-26 11:11:01 ./
10.196.35.165 5433 mb_data_01 mb_owner_01 stage_pcg_сlientdb.csv 2024-03-26
--------------------------------------------------------
[11:11:01] ... Start process
[11:11:01] ... -- Версия ad4ccc8/2024-03-25
[11:11:01] ... [11:11:01]: Error, rc = 256
[11:11:01] ...             psql -h 10.196.35.165 -p 5433 -f "./__pcg_clientdb/version.sql"  mb_data_01  -U mb_owner_01 1>> process.out 2>> process.err
--------------------------------------------------------
2024-03-26 11:12:37 ./
10.196.35.165 5433 mb_data_01 mb_owner_01 stage_pcg_сlientdb.csv 2024-03-26
--------------------------------------------------------
[11:12:37] ... Start process
[11:12:37] ... -- Версия ad4ccc8/2024-03-25
[11:12:38] ... -- p_load_cdb_client.sql
[11:12:38] ... Stop process
--------------------------------------------------------
2024-03-26 11:12:39 ./
10.196.35.165 5433 mb_data_02 mb_owner_02 stage_pcg_сlientdb.csv 2024-03-26
--------------------------------------------------------
[11:12:39] ... Start process
[11:12:39] ... -- Версия ad4ccc8/2024-03-25
[11:12:39] ... -- p_load_cdb_client.sql
[11:12:39] ... Stop process
--------------------------------------------------------
2024-03-26 11:12:40 ./
10.196.35.165 5433 mb_data_03 mb_owner_03 stage_pcg_сlientdb.csv 2024-03-26
--------------------------------------------------------
[11:12:40] ... Start process
[11:12:40] ... -- Версия ad4ccc8/2024-03-25
[11:12:40] ... -- p_load_cdb_client.sql
[11:12:41] ... Stop process
--------------------------------------------------------
2024-03-26 11:12:41 ./
10.196.35.165 5433 mb_data_04 mb_owner_04 stage_pcg_сlientdb.csv 2024-03-26
--------------------------------------------------------
[11:12:41] ... Start process
[11:12:41] ... -- Версия ad4ccc8/2024-03-25
[11:12:41] ... -- p_load_cdb_client.sql
[11:12:42] ... Stop process
--------------------------------------------------------
2024-03-26 11:12:43 ./
10.196.35.165 5433 mb_data_05 mb_owner_05 stage_pcg_сlientdb.csv 2024-03-26
--------------------------------------------------------
[11:12:43] ... Start process
[11:12:43] ... -- Версия ad4ccc8/2024-03-25
[11:12:43] ... -- p_load_cdb_client.sql
[11:12:44] ... Stop process
--------------------------------------------------------
2024-03-26 11:43:59 ./
10.196.35.165 5433 mb_data_01 mb_owner_01 stage_pcg_сlientdb.csv 2024-03-26
--------------------------------------------------------
[11:43:59] ... Start process
[11:43:59] ... -- Версия ad4ccc8/2024-03-25
[11:44:00] ... -- p_load_cdb_client.sql
[11:44:00] ... Stop process
--------------------------------------------------------
2024-03-26 11:44:01 ./
10.196.35.165 5433 mb_data_02 mb_owner_02 stage_pcg_сlientdb.csv 2024-03-26
--------------------------------------------------------
[11:44:01] ... Start process
[11:44:01] ... -- Версия ad4ccc8/2024-03-25
[11:44:01] ... -- p_load_cdb_client.sql
[11:44:01] ... Stop process
--------------------------------------------------------
2024-03-26 11:44:02 ./
10.196.35.165 5433 mb_data_03 mb_owner_03 stage_pcg_сlientdb.csv 2024-03-26
--------------------------------------------------------
[11:44:02] ... Start process
[11:44:02] ... -- Версия ad4ccc8/2024-03-25
[11:44:02] ... -- p_load_cdb_client.sql
[11:44:03] ... Stop process
--------------------------------------------------------
2024-03-26 11:44:03 ./
10.196.35.165 5433 mb_data_04 mb_owner_04 stage_pcg_сlientdb.csv 2024-03-26
--------------------------------------------------------
[11:44:03] ... Start process
[11:44:03] ... -- Версия ad4ccc8/2024-03-25
[11:44:03] ... -- p_load_cdb_client.sql
[11:44:04] ... Stop process
--------------------------------------------------------
2024-03-26 11:44:04 ./
10.196.35.165 5433 mb_data_05 mb_owner_05 stage_pcg_сlientdb.csv 2024-03-26
--------------------------------------------------------
[11:44:04] ... Start process
[11:44:04] ... -- Версия ad4ccc8/2024-03-25
[11:44:05] ... -- p_load_cdb_client.sql
[11:44:05] ... Stop process
--------------------------------------------------------
2024-03-26 11:48:42 ./
10.196.35.165 5433 mb_data_01 mb_owner_01 stage_pcg_сlientdb.csv 2024-03-26
--------------------------------------------------------
[11:48:42] ... Start process
[11:48:42] ... -- Версия ad4ccc8/2024-03-25
[11:48:42] ... -- p_load_cdb_client.sql
[11:48:43] ... Stop process
--------------------------------------------------------
2024-03-26 11:48:43 ./
10.196.35.165 5433 mb_data_02 mb_owner_02 stage_pcg_сlientdb.csv 2024-03-26
--------------------------------------------------------
[11:48:43] ... Start process
[11:48:43] ... -- Версия ad4ccc8/2024-03-25
[11:48:43] ... -- p_load_cdb_client.sql
[11:48:44] ... Stop process
--------------------------------------------------------
2024-03-26 11:48:45 ./
10.196.35.165 5433 mb_data_03 mb_owner_03 stage_pcg_сlientdb.csv 2024-03-26
--------------------------------------------------------
[11:48:45] ... Start process
[11:48:45] ... -- Версия ad4ccc8/2024-03-25
[11:48:45] ... -- p_load_cdb_client.sql
[11:48:45] ... Stop process
--------------------------------------------------------
2024-03-26 11:48:46 ./
10.196.35.165 5433 mb_data_04 mb_owner_04 stage_pcg_сlientdb.csv 2024-03-26
--------------------------------------------------------
[11:48:46] ... Start process
[11:48:46] ... -- Версия ad4ccc8/2024-03-25
[11:48:46] ... -- p_load_cdb_client.sql
[11:48:47] ... Stop process
--------------------------------------------------------
2024-03-26 11:48:47 ./
10.196.35.165 5433 mb_data_05 mb_owner_05 stage_pcg_сlientdb.csv 2024-03-26
--------------------------------------------------------
[11:48:47] ... Start process
[11:48:47] ... -- Версия ad4ccc8/2024-03-25
[11:48:48] ... -- p_load_cdb_client.sql
[11:48:48] ... Stop process
--------------------------------------------------------
2024-03-26 11:53:12 ./
10.196.35.165 5433 mb_data_01 mb_owner_01 stage_pcg_metamodel.csv 2024-03-26
--------------------------------------------------------
[11:53:12] ... Start process
[11:53:12] ... -- Версия ad4ccc8/2024-03-25
[11:53:13] ... -- p_load_mm_0.sql
[11:53:13] ... Stop process
--------------------------------------------------------
2024-03-26 11:53:14 ./
10.196.35.165 5433 mb_data_02 mb_owner_02 stage_pcg_metamodel.csv 2024-03-26
--------------------------------------------------------
[11:53:14] ... Start process
[11:53:14] ... -- Версия ad4ccc8/2024-03-25
[11:53:14] ... -- p_load_mm_0.sql
[11:53:15] ... Stop process
--------------------------------------------------------
2024-03-26 11:53:15 ./
10.196.35.165 5433 mb_data_03 mb_owner_03 stage_pcg_metamodel.csv 2024-03-26
--------------------------------------------------------
[11:53:15] ... Start process
[11:53:15] ... -- Версия ad4ccc8/2024-03-25
[11:53:15] ... -- p_load_mm_0.sql
[11:53:16] ... Stop process
--------------------------------------------------------
2024-03-26 11:53:17 ./
10.196.35.165 5433 mb_data_04 mb_owner_04 stage_pcg_metamodel.csv 2024-03-26
--------------------------------------------------------
[11:53:17] ... Start process
[11:53:17] ... -- Версия ad4ccc8/2024-03-25
[11:53:17] ... -- p_load_mm_0.sql
[11:53:17] ... Stop process
--------------------------------------------------------
2024-03-26 11:53:18 ./
10.196.35.165 5433 mb_data_05 mb_owner_05 stage_pcg_metamodel.csv 2024-03-26
--------------------------------------------------------
[11:53:18] ... Start process
[11:53:18] ... -- Версия ad4ccc8/2024-03-25
[11:53:18] ... -- p_load_mm_0.sql
[11:53:19] ... Stop process
--------------------------------------------------------
2024-03-26 11:54:31 ./
10.196.35.165 5433 mb_data_01 mb_owner_01 stage_pcg_metamodel.csv 2024-03-26
--------------------------------------------------------
[11:54:31] ... Start process
[11:54:31] ... -- Версия ad4ccc8/2024-03-25
[11:54:32] ... -- p_load_mm_0.sql
[11:54:32] ... Stop process
--------------------------------------------------------
2024-03-26 11:54:33 ./
10.196.35.165 5433 mb_data_02 mb_owner_02 stage_pcg_metamodel.csv 2024-03-26
--------------------------------------------------------
[11:54:33] ... Start process
[11:54:33] ... -- Версия ad4ccc8/2024-03-25
[11:54:33] ... -- p_load_mm_0.sql
[11:54:34] ... Stop process
--------------------------------------------------------
2024-03-26 11:54:34 ./
10.196.35.165 5433 mb_data_03 mb_owner_03 stage_pcg_metamodel.csv 2024-03-26
--------------------------------------------------------
[11:54:34] ... Start process
[11:54:34] ... -- Версия ad4ccc8/2024-03-25
[11:54:34] ... -- p_load_mm_0.sql
[11:54:35] ... Stop process
--------------------------------------------------------
2024-03-26 11:54:35 ./
10.196.35.165 5433 mb_data_04 mb_owner_04 stage_pcg_metamodel.csv 2024-03-26
--------------------------------------------------------
[11:54:35] ... Start process
[11:54:35] ... -- Версия ad4ccc8/2024-03-25
[11:54:36] ... -- p_load_mm_0.sql
[11:54:36] ... Stop process
--------------------------------------------------------
2024-03-26 11:54:36 ./
10.196.35.165 5433 mb_data_05 mb_owner_05 stage_pcg_metamodel.csv 2024-03-26
--------------------------------------------------------
[11:54:36] ... Start process
[11:54:36] ... -- Версия ad4ccc8/2024-03-25
[11:54:37] ... -- p_load_mm_0.sql
[11:54:37] ... Stop process
--------------------------------------------------------
2024-03-26 11:55:24 ./
10.196.35.165 5433 mb_data_01 mb_owner_01 stage_pcg_metamodel.csv 2024-03-26
--------------------------------------------------------
[11:55:24] ... Start process
[11:55:24] ... -- Версия ad4ccc8/2024-03-25
[11:55:24] ... -- p_load_mm_0.sql
[11:55:24] ... Stop process
--------------------------------------------------------
2024-03-26 11:55:25 ./
10.196.35.165 5433 mb_data_02 mb_owner_02 stage_pcg_metamodel.csv 2024-03-26
--------------------------------------------------------
[11:55:25] ... Start process
[11:55:25] ... -- Версия ad4ccc8/2024-03-25
[11:55:25] ... -- p_load_mm_0.sql
[11:55:26] ... Stop process
--------------------------------------------------------
2024-03-26 11:55:26 ./
10.196.35.165 5433 mb_data_03 mb_owner_03 stage_pcg_metamodel.csv 2024-03-26
--------------------------------------------------------
[11:55:26] ... Start process
[11:55:26] ... -- Версия ad4ccc8/2024-03-25
[11:55:26] ... -- p_load_mm_0.sql
[11:55:27] ... Stop process
--------------------------------------------------------
2024-03-26 11:55:27 ./
10.196.35.165 5433 mb_data_04 mb_owner_04 stage_pcg_metamodel.csv 2024-03-26
--------------------------------------------------------
[11:55:27] ... Start process
[11:55:27] ... -- Версия ad4ccc8/2024-03-25
[11:55:28] ... -- p_load_mm_0.sql
[11:55:28] ... Stop process
--------------------------------------------------------
2024-03-26 11:55:29 ./
10.196.35.165 5433 mb_data_05 mb_owner_05 stage_pcg_metamodel.csv 2024-03-26
--------------------------------------------------------
[11:55:29] ... Start process
[11:55:29] ... -- Версия ad4ccc8/2024-03-25
[11:55:29] ... -- p_load_mm_0.sql
[11:55:30] ... Stop process
--------------------------------------------------------
