psql:./_pcg_dict/p_load_otdels.sql:1: ЗАМЕЧАНИЕ:  процедура pcg_dict.p_load_otdels() не существует, пропускается
psql:./_pcg_dict/p_load_acc_users.sql:1: ЗАМЕЧАНИЕ:  процедура pcg_dict.p_load_acc_user() не существует, пропускается
psql:./_pcg_dict/p_load_d_crm_service.sql:1: ЗАМЕЧАНИЕ:  процедура pcg_dict.p_load_d_crm_service() не существует, пропускается
psql:./_pcg_dict/p_load_d_dict.sql:1: ЗАМЕЧАНИЕ:  процедура pcg_dict.p_load_d_dict() не существует, пропускается
psql:./_pcg_dict/p_load_otdels.sql:1: ЗАМЕЧАНИЕ:  процедура pcg_dict.p_load_otdels() не существует, пропускается
psql:./_pcg_dict/p_load_acc_users.sql:1: ЗАМЕЧАНИЕ:  процедура pcg_dict.p_load_acc_user() не существует, пропускается
psql:./_pcg_dict/p_load_d_crm_service.sql:1: ЗАМЕЧАНИЕ:  процедура pcg_dict.p_load_d_crm_service() не существует, пропускается
psql:./_pcg_dict/p_load_d_dict.sql:1: ЗАМЕЧАНИЕ:  процедура pcg_dict.p_load_d_dict() не существует, пропускается
psql:./_pcg_dict/p_load_otdels.sql:1: ЗАМЕЧАНИЕ:  процедура pcg_dict.p_load_otdels() не существует, пропускается
psql:./_pcg_dict/p_load_acc_users.sql:1: ЗАМЕЧАНИЕ:  процедура pcg_dict.p_load_acc_user() не существует, пропускается
psql:./_pcg_dict/p_load_d_crm_service.sql:1: ЗАМЕЧАНИЕ:  процедура pcg_dict.p_load_d_crm_service() не существует, пропускается
psql:./_pcg_dict/p_load_d_dict.sql:1: ЗАМЕЧАНИЕ:  процедура pcg_dict.p_load_d_dict() не существует, пропускается
psql:./_pcg_dict/p_load_otdels.sql:2: ЗАМЕЧАНИЕ:  процедура pcg_dict.p_load_otdels(pg_catalog.int8) не существует, пропускается
psql:./_pcg_dict/p_load_acc_users.sql:3: ЗАМЕЧАНИЕ:  процедура pcg_dict.p_load_acc_user(pg_catalog.int8) не существует, пропускается
psql:./_pcg_dict/p_load_d_crm_service.sql:3: ЗАМЕЧАНИЕ:  процедура pcg_dict.p_load_d_crm_service(pg_catalog.int8) не существует, пропускается
psql:./_pcg_dict/p_load_d_dict.sql:3: ЗАМЕЧАНИЕ:  процедура pcg_dict.p_load_d_dict(pg_catalog.int8,pg_catalog.int4) не существует, пропускается
psql:./_pcg_dict/p_load_otdels.sql:2: ЗАМЕЧАНИЕ:  процедура pcg_dict.p_load_otdels(pg_catalog.int8) не существует, пропускается
psql:./_pcg_dict/p_load_acc_users.sql:3: ЗАМЕЧАНИЕ:  процедура pcg_dict.p_load_acc_user(pg_catalog.int8) не существует, пропускается
psql:./_pcg_dict/p_load_d_crm_service.sql:3: ЗАМЕЧАНИЕ:  процедура pcg_dict.p_load_d_crm_service(pg_catalog.int8) не существует, пропускается
psql:./_pcg_dict/p_load_d_dict.sql:3: ЗАМЕЧАНИЕ:  процедура pcg_dict.p_load_d_dict(pg_catalog.int8,pg_catalog.int4) не существует, пропускается
