2024-03-26 12:47:38 ./
10.196.35.165 5433 mb_data_01 mb_owner_01 stage_pcg_dict.csv 2024-03-26
--------------------------------------------------------
[12:47:38] ... Start process
[12:47:38] ... -- Версия ad4ccc8/2024-03-25
[12:47:38] ... -- p_load_d_system.sql        
[12:47:39] ... -- p_load_d_service_status.sql
[12:47:39] ... -- p_load_otdels.sql          
[12:47:40] ... -- p_load_acc_users.sql       
[12:47:41] ... -- p_load_d_step_service.sql  
[12:47:41] ... -- p_load_d_tp_contact.sql    
[12:47:42] ... -- p_load_d_tp_client.sql     
[12:47:42] ... -- p_load_d_crm_service.sql   
[12:47:43] ... -- p_load_d_status.sql        
[12:47:44] ... -- p_load_d_dict.sql          
[12:47:44] ... -- p_load_d_sys_entity.sql    
[12:47:45] ... Stop process
--------------------------------------------------------
2024-03-26 12:47:45 ./
10.196.35.165 5433 mb_data_02 mb_owner_02 stage_pcg_dict.csv 2024-03-26
--------------------------------------------------------
[12:47:45] ... Start process
[12:47:45] ... -- Версия ad4ccc8/2024-03-25
[12:47:45] ... -- p_load_d_system.sql        
[12:47:46] ... -- p_load_d_service_status.sql
[12:47:46] ... -- p_load_otdels.sql          
[12:47:47] ... -- p_load_acc_users.sql       
[12:47:47] ... -- p_load_d_step_service.sql  
[12:47:48] ... -- p_load_d_tp_contact.sql    
[12:47:48] ... -- p_load_d_tp_client.sql     
[12:47:49] ... -- p_load_d_crm_service.sql   
[12:47:49] ... -- p_load_d_status.sql        
[12:47:50] ... -- p_load_d_dict.sql          
[12:47:51] ... -- p_load_d_sys_entity.sql    
[12:47:51] ... Stop process
--------------------------------------------------------
2024-03-26 12:47:51 ./
10.196.35.165 5433 mb_data_03 mb_owner_03 stage_pcg_dict.csv 2024-03-26
--------------------------------------------------------
[12:47:51] ... Start process
[12:47:51] ... -- Версия ad4ccc8/2024-03-25
[12:47:52] ... -- p_load_d_system.sql        
[12:47:52] ... -- p_load_d_service_status.sql
[12:47:53] ... -- p_load_otdels.sql          
[12:47:53] ... -- p_load_acc_users.sql       
[12:47:54] ... -- p_load_d_step_service.sql  
[12:47:54] ... -- p_load_d_tp_contact.sql    
[12:47:55] ... -- p_load_d_tp_client.sql     
[12:47:55] ... -- p_load_d_crm_service.sql   
[12:47:56] ... -- p_load_d_status.sql        
[12:47:57] ... -- p_load_d_dict.sql          
[12:47:57] ... -- p_load_d_sys_entity.sql    
[12:47:58] ... Stop process
--------------------------------------------------------
2024-03-26 12:47:58 ./
10.196.35.165 5433 mb_data_04 mb_owner_04 stage_pcg_dict.csv 2024-03-26
--------------------------------------------------------
[12:47:58] ... Start process
[12:47:58] ... -- Версия ad4ccc8/2024-03-25
[12:47:58] ... -- p_load_d_system.sql        
[12:47:59] ... -- p_load_d_service_status.sql
[12:47:59] ... -- p_load_otdels.sql          
[12:48:00] ... -- p_load_acc_users.sql       
[12:48:00] ... -- p_load_d_step_service.sql  
[12:48:01] ... -- p_load_d_tp_contact.sql    
[12:48:01] ... -- p_load_d_tp_client.sql     
[12:48:02] ... -- p_load_d_crm_service.sql   
[12:48:03] ... -- p_load_d_status.sql        
[12:48:03] ... -- p_load_d_dict.sql          
[12:48:04] ... -- p_load_d_sys_entity.sql    
[12:48:04] ... Stop process
--------------------------------------------------------
2024-03-26 12:48:05 ./
10.196.35.165 5433 mb_data_05 mb_owner_05 stage_pcg_dict.csv 2024-03-26
--------------------------------------------------------
[12:48:05] ... Start process
[12:48:05] ... -- Версия ad4ccc8/2024-03-25
[12:48:05] ... -- p_load_d_system.sql        
[12:48:05] ... -- p_load_d_service_status.sql
[12:48:06] ... -- p_load_otdels.sql          
[12:48:07] ... -- p_load_acc_users.sql       
[12:48:07] ... -- p_load_d_step_service.sql  
[12:48:08] ... -- p_load_d_tp_contact.sql    
[12:48:08] ... -- p_load_d_tp_client.sql     
[12:48:09] ... -- p_load_d_crm_service.sql   
[12:48:09] ... -- p_load_d_status.sql        
[12:48:10] ... -- p_load_d_dict.sql          
[12:48:10] ... -- p_load_d_sys_entity.sql    
[12:48:11] ... Stop process
--------------------------------------------------------
