CREATE EXTENSION
CREATE EXTENSION
CREATE EXTENSION
CREATE EXTENSION
CREATE EXTENSION
DROP EXTENSION
CREATE EXTENSION
CREATE SERVER
DROP EXTENSION
CREATE EXTENSION
CREATE SERVER
DROP EXTENSION
CREATE EXTENSION
CREATE SERVER
DROP EXTENSION
CREATE EXTENSION
CREATE SERVER
DROP EXTENSION
CREATE EXTENSION
CREATE SERVER
DROP SCHEMA
CREATE SCHEMA
COMMENT
REVOKE
DROP SCHEMA
CREATE SCHEMA
COMMENT
REVOKE
DROP SCHEMA
CREATE SCHEMA
COMMENT
REVOKE
DROP SCHEMA
CREATE SCHEMA
COMMENT
REVOKE
DROP SCHEMA
CREATE SCHEMA
COMMENT
REVOKE
DROP SCHEMA
CREATE SCHEMA
COMMENT
REVOKE
DROP SCHEMA
CREATE SCHEMA
COMMENT
REVOKE
DROP SCHEMA
CREATE SCHEMA
COMMENT
REVOKE
DROP SCHEMA
CREATE SCHEMA
COMMENT
REVOKE
DROP SCHEMA
CREATE SCHEMA
COMMENT
REVOKE
DROP SCHEMA
CREATE SCHEMA
COMMENT
REVOKE
DROP SCHEMA
CREATE SCHEMA
COMMENT
REVOKE
DROP SCHEMA
CREATE SCHEMA
COMMENT
REVOKE
DROP SCHEMA
CREATE SCHEMA
COMMENT
REVOKE
DROP SCHEMA
CREATE SCHEMA
COMMENT
REVOKE
DROP SCHEMA
CREATE SCHEMA
COMMENT
REVOKE
DROP SCHEMA
CREATE SCHEMA
COMMENT
REVOKE
DROP SCHEMA
CREATE SCHEMA
COMMENT
REVOKE
DROP SCHEMA
CREATE SCHEMA
COMMENT
REVOKE
DROP SCHEMA
CREATE SCHEMA
COMMENT
REVOKE
