2024-01-24 15:20:17 ./
127.0.0.1 5434 unsi_test_05 postgres stage_25_tmp_build.csv 
--------------------------------------------------------
[15:20:17] ... Start process, Сборка процессингового пакета
[15:20:17] ... -- Версия 48c8c1c/2024-01-24
[15:20:17] ... -- drop_objects.sql
[15:20:17] ... -- CreateViewGarTmp.sql
[15:20:18] ... -- f_xxx_ob_seq_crt.sql  
[15:20:18] ... -- f_xxx_replace_char.sql
[15:20:18] ... -- f_xxx_adr_object_get_level.sql
[15:20:18] ... -- p_adr_area_type_set.sql  
[15:20:18] ... -- p_adr_street_type_set.sql
[15:20:18] ... -- p_adr_house_type_set.sql 
[15:20:18] ... -- p_adr_area_type_unload.sql
[15:20:18] ... -- p_adr_street_type_unload.sql
[15:20:19] ... -- p_adr_house_type_unload.sql
[15:20:19] ... -- p_xxx_adr_house_gap_put.sql
[15:20:19] ... -- p_xxx_adr_street_gap_put.sql
[15:20:19] ... -- p_xxx_adr_area_gap_put.sql
[15:20:19] ... -- f_xxx_adr_area_type_show_data.sql  
[15:20:19] ... -- f_xxx_adr_area_type_set.sql        
[15:20:19] ... -- f_xxx_adr_street_type_show_data.sql
[15:20:20] ... -- f_xxx_street_type_set.sql          
[15:20:20] ... -- f_xxx_house_type_show_data.sql     
[15:20:20] ... -- f_xxx_house_type_set.sql           
[15:20:20] ... -- f_xxx_adr_house_show_data.sql      
[15:20:20] ... -- f_xxx_adr_house_set_data.sql       
[15:20:20] ... -- f_adr_house_type_get.sql 
[15:20:21] ... -- f_adr_street_type_get.sql
[15:20:21] ... -- f_adr_area_type_get.sql  
[15:20:21] ... -- f_zzz_adr_area_type_show_tmp_data.sql
[15:20:21] ... -- f_zzz_street_type_show_tmp_data.sql  
[15:20:21] ... -- f_zzz_house_type_show_tmp_data.sql   
[15:20:22] ... -- f_xxx_obj_fias_0.sql
[15:20:22] ... -- f_xxx_obj_fias_1.sql
[15:20:22] ... -- f_xxx_obj_fias_2.sql
[15:20:22] ... -- f_xxx_obj_fias_set_data.sql
[15:20:22] ... -- f_adr_area_get.sql    
[15:20:22] ... -- f_adr_area_get_m.sql  
[15:20:22] ... -- f_adr_area_get_id.sql 
[15:20:22] ... -- f_adr_street_get.sql  
[15:20:22] ... -- f_adr_street_get_m.sql
[15:20:23] ... -- f_adr_street_get_id.sql
[15:20:23] ... -- f_adr_house_get.sql   
[15:20:23] ... -- f_adr_house_get_m.sql 
[15:20:23] ... -- f_adr_house_get_id.sql
[15:20:23] ... -- f_adr_object_get.sql  
[15:20:23] ... -- f_adr_object_get_m.sql
[15:20:23] ... -- p_alt_tbl.sql
[15:20:23] ... -- p_clear_tbl.sql
[15:20:23] ... -- p_gar_fias_crt_idx.sql
[15:20:24] ... -- fp_adr_area_del_twins_local.sql
[15:20:24] ... -- fp_adr_area_check_twins_local.sql
[15:20:24] ... -- fp_adr_street_del_twins_local.sql
[15:20:24] ... -- fp_adr_street_check_twins_local.sql
[15:20:24] ... -- fp_adr_house_del_twins_local_0.sql
[15:20:24] ... -- fp_adr_house_check_twins_local.sql
[15:20:24] ... -- p_adr_house_del_twins.sql УСТАРЕЛО, нужно для: "p_adr_house_ins", "fp_adr_house_upd"
[15:20:24] ... -- f_adr_area_unload_get_data.sql  
[15:20:25] ... -- f_adr_street_unload_get_data.sql
[15:20:25] ... -- f_adr_house_unload_get_data.sql 
[15:20:25] ... -- f_adr_object_unload_get_data.sql
[15:20:25] ... -- p_adr_area_ins.sql     
[15:20:25] ... -- p_adr_area_upd.sql     
[15:20:25] ... -- p_adr_street_ins.sql   
[15:20:25] ... -- p_adr_street_upd.sql   
[15:20:25] ... -- p_adr_house_ins.sql    
[15:20:25] ... -- fp_adr_house_upd.sql   
[15:20:26] ... -- p_adr_area_unload.sql  
[15:20:26] ... -- p_adr_area_upload.sql  
[15:20:26] ... -- p_adr_street_unload.sql
[15:20:26] ... -- p_adr_street_upload.sql
[15:20:26] ... -- p_adr_house_unload.sql 
[15:20:26] ... -- p_adr_house_upload.sql 
[15:20:26] ... -- p_adr_object_ins.sql   
[15:20:26] ... -- p_adr_object_upd.sql   
[15:20:27] ... -- p_adr_object_unload.sql
[15:20:27] ... -- p_adr_object_upload.sql
[15:20:27] ... -- f_adr_area_ins.sql          
[15:20:27] ... -- f_adr_area_upd.sql          
[15:20:27] ... -- f_adr_street_ins.sql        
[15:20:27] ... -- f_adr_street_upd.sql        
[15:20:27] ... -- f_adr_house_ins.sql         
[15:20:27] ... -- f_adr_house_upd.sql         
[15:20:27] ... -- f_show_params_value_data.sql
[15:20:28] ... -- f_set_params_value_data.sql 
[15:20:28] ... -- f_xxx_adr_area_show_data.sql
[15:20:28] ... -- f_xxx_adr_area_set_data.sql 
[15:20:28] ... -- p_adr_area_upd_single.sql  
[15:20:28] ... -- p_adr_street_upd_single.sql
[15:20:28] ... -- p_adr_house_upd_single.sql 
[15:20:28] ... Stop process
--------------------------------------------------------
