2022-12-05 10:21:34 ./
127.0.0.1 5434 unsi_test_02 postgres stage_2_build_tmp_patch_20221205.csv 2022-05-05
--------------------------------------------------------
[10:21:34] ... Start process, Patch 20221205 к процессинговому пакету
[10:21:34] ... -- CreateTypesGarTmp_2.sql
[10:21:35] ... -- CreateTableGarTmp_3.sql
[10:21:36] ... Stop process
--------------------------------------------------------
2022-12-05 10:22:25 ./
127.0.0.1 5434 unsi_test_76 postgres stage_2_build_tmp_patch_20221205.csv 2022-05-05
--------------------------------------------------------
[10:22:25] ... Start process, Patch 20221205 к процессинговому пакету
[10:22:25] ... -- CreateTypesGarTmp_2.sql
[10:22:25] ... -- CreateTableGarTmp_3.sql
[10:22:27] ... Stop process
--------------------------------------------------------
2022-12-05 17:50:55 ./
127.0.0.1 5434 unsi_test_91 postgres stage_2_build_tmp_patch_20221205.csv 2022-12-05
--------------------------------------------------------
[17:50:55] ... Start process, Patch 20221205 к процессинговому пакету
[17:50:55] ... -- CreateTypesGarTmp_2.sql
[17:50:55] ... -- CreateTableGarTmp_3.sql
[17:50:57] ... Stop process
--------------------------------------------------------
